<?xml version="1.0" encoding="UTF-8"?>
<testsuite xmlns:xsi="http://www.w3.org/2001/XMLSchema-instance" xsi:noNamespaceSchemaLocation="https://maven.apache.org/surefire/maven-surefire-plugin/xsd/surefire-test-report-3.0.xsd" version="3.0" name="com.example.currencyexchange.controller.CurrencyControllerIntegrationTest" time="14.974" tests="6" errors="0" skipped="0" failures="0">
  <properties>
[...]
</properties>
  <testcase name="testAddEmptyCurrencyShouldReturnBadRequest" classname="com.example.currencyexchange.controller.CurrencyControllerIntegrationTest" time="2.595">
    <system-out><![CDATA[18:24:01.723 [main] INFO org.springframework.test.context.support.AnnotationConfigContextLoaderUtils -- Could not detect default configuration classes for test class [com.example.currencyexchange.controller.CurrencyControllerIntegrationTest]: CurrencyControllerIntegrationTest does not declare any static, non-private, non-final, nested classes annotated with @Configuration.
18:24:02.019 [main] INFO org.springframework.boot.test.context.SpringBootTestContextBootstrapper -- Found @SpringBootConfiguration com.example.currencyexchange.CurrencyExchangeApplication for test class com.example.currencyexchange.controller.CurrencyControllerIntegrationTest
18:24:02.428 [main] INFO org.springframework.boot.devtools.restart.RestartApplicationListener -- Restart disabled due to context in which it is running

  .   ____          _            __ _ _
 /\\ / ___'_ __ _ _(_)_ __  __ _ \ \ \ \
( ( )\___ | '_ | '_| | '_ \/ _` | \ \ \ \
 \\/  ___)| |_)| | | | | || (_| |  ) ) ) )
  '  |____| .__|_| |_|_| |_\__, | / / / /
 =========|_|==============|___/=/_/_/_/
 :: Spring Boot ::                (v3.2.0)

2025-12-03T18:24:03.060+01:00  INFO 37976 --- [currency-exchange] [           main] .e.c.c.CurrencyControllerIntegrationTest : Starting CurrencyControllerIntegrationTest using Java 21.0.9 with PID 37976 (started by h.pichukha in C:\Users\h.pichukha\IdeaProjects\Workshop-1-ready)
2025-12-03T18:24:03.060+01:00 DEBUG 37976 --- [currency-exchange] [           main] .e.c.c.CurrencyControllerIntegrationTest : Running with Spring Boot v3.2.0, Spring v6.1.1
2025-12-03T18:24:03.061+01:00  INFO 37976 --- [currency-exchange] [           main] .e.c.c.CurrencyControllerIntegrationTest : No active profile set, falling back to 1 default profile: "default"
2025-12-03T18:24:06.454+01:00  INFO 37976 --- [currency-exchange] [           main] o.s.s.web.DefaultSecurityFilterChain     : Will secure any request with [org.springframework.security.web.session.DisableEncodeUrlFilter@fe09383, org.springframework.security.web.context.request.async.WebAsyncManagerIntegrationFilter@28e0e464, org.springframework.security.web.context.SecurityContextHolderFilter@67d32a54, org.springframework.security.web.header.HeaderWriterFilter@1989e8c6, org.springframework.web.filter.CorsFilter@1d98daa0, org.springframework.security.web.authentication.logout.LogoutFilter@3cc30dee, org.springframework.security.web.authentication.www.BasicAuthenticationFilter@4f2d014a, org.springframework.security.web.savedrequest.RequestCacheAwareFilter@2753316c, org.springframework.security.web.servletapi.SecurityContextHolderAwareRequestFilter@59edb4f5, org.springframework.security.web.authentication.AnonymousAuthenticationFilter@70a898b0, org.springframework.security.web.access.ExceptionTranslationFilter@f0a66bd, org.springframework.security.web.access.intercept.AuthorizationFilter@6f5e16cf]
2025-12-03T18:24:07.158+01:00  INFO 37976 --- [currency-exchange] [           main] o.s.b.t.m.w.SpringBootMockServletContext : Initializing Spring TestDispatcherServlet ''
2025-12-03T18:24:07.160+01:00  INFO 37976 --- [currency-exchange] [           main] o.s.t.web.servlet.TestDispatcherServlet  : Initializing Servlet ''
2025-12-03T18:24:07.164+01:00  INFO 37976 --- [currency-exchange] [           main] o.s.t.web.servlet.TestDispatcherServlet  : Completed initialization in 2 ms
2025-12-03T18:24:07.199+01:00  INFO 37976 --- [currency-exchange] [           main] .e.c.c.CurrencyControllerIntegrationTest : Started CurrencyControllerIntegrationTest in 4.798 seconds (process running for 7.504)
2025-12-03T18:24:07.203+01:00  INFO 37976 --- [currency-exchange] [           main] c.e.c.config.CurrencyInitializer         : Initializing default currencies...
2025-12-03T18:24:07.204+01:00  INFO 37976 --- [currency-exchange] [           main] c.e.c.config.CurrencyInitializer         : Added default currency: USD
2025-12-03T18:24:07.208+01:00  INFO 37976 --- [currency-exchange] [           main] c.e.c.config.CurrencyInitializer         : Added default currency: EUR
2025-12-03T18:24:07.208+01:00  INFO 37976 --- [currency-exchange] [           main] c.e.c.config.CurrencyInitializer         : Added default currency: GBP
2025-12-03T18:24:07.209+01:00  INFO 37976 --- [currency-exchange] [           main] c.e.c.config.CurrencyInitializer         : Added default currency: JPY
2025-12-03T18:24:07.209+01:00  INFO 37976 --- [currency-exchange] [           main] c.e.c.config.CurrencyInitializer         : Added default currency: CHF
2025-12-03T18:24:07.209+01:00  INFO 37976 --- [currency-exchange] [           main] c.e.c.config.CurrencyInitializer         : Added default currency: CAD
2025-12-03T18:24:07.210+01:00  INFO 37976 --- [currency-exchange] [           main] c.e.c.config.CurrencyInitializer         : Added default currency: AUD
2025-12-03T18:24:07.210+01:00  INFO 37976 --- [currency-exchange] [           main] c.e.c.config.CurrencyInitializer         : Default currencies initialized successfully. Total currencies: 7
]]></system-out>
    <system-err><![CDATA[WARNING: A Java agent has been loaded dynamically (C:\Users\h.pichukha\.m2\repository\net\bytebuddy\byte-buddy-agent\1.14.10\byte-buddy-agent-1.14.10.jar)
WARNING: If a serviceability tool is in use, please run with -XX:+EnableDynamicAgentLoading to hide this warning
WARNING: If a serviceability tool is not in use, please run with -Djdk.instrument.traceUsage for more information
WARNING: Dynamic loading of agents will be disallowed by default in a future release
]]></system-err>
  </testcase>
  <testcase name="testGetCurrenciesAfterAddingCurrencies" classname="com.example.currencyexchange.controller.CurrencyControllerIntegrationTest" time="0.066">
    <system-out><![CDATA[2025-12-03T18:24:09.842+01:00  INFO 37976 --- [currency-exchange] [           main] o.s.b.d.r.RestartApplicationListener     : Restart disabled due to context in which it is running

  .   ____          _            __ _ _
 /\\ / ___'_ __ _ _(_)_ __  __ _ \ \ \ \
( ( )\___ | '_ | '_| | '_ \/ _` | \ \ \ \
 \\/  ___)| |_)| | | | | || (_| |  ) ) ) )
  '  |____| .__|_| |_|_| |_\__, | / / / /
 =========|_|==============|___/=/_/_/_/
 :: Spring Boot ::                (v3.2.0)

2025-12-03T18:24:09.977+01:00  INFO 37976 --- [currency-exchange] [           main] .e.c.c.CurrencyControllerIntegrationTest : Starting CurrencyControllerIntegrationTest using Java 21.0.9 with PID 37976 (started by h.pichukha in C:\Users\h.pichukha\IdeaProjects\Workshop-1-ready)
2025-12-03T18:24:09.978+01:00 DEBUG 37976 --- [currency-exchange] [           main] .e.c.c.CurrencyControllerIntegrationTest : Running with Spring Boot v3.2.0, Spring v6.1.1
2025-12-03T18:24:09.978+01:00  INFO 37976 --- [currency-exchange] [           main] .e.c.c.CurrencyControllerIntegrationTest : No active profile set, falling back to 1 default profile: "default"
2025-12-03T18:24:11.493+01:00  INFO 37976 --- [currency-exchange] [           main] o.s.s.web.DefaultSecurityFilterChain     : Will secure any request with [org.springframework.security.web.session.DisableEncodeUrlFilter@69e36fe3, org.springframework.security.web.context.request.async.WebAsyncManagerIntegrationFilter@48d31d25, org.springframework.security.web.context.SecurityContextHolderFilter@7fd2a67a, org.springframework.security.web.header.HeaderWriterFilter@5c740c5a, org.springframework.web.filter.CorsFilter@46188a89, org.springframework.security.web.authentication.logout.LogoutFilter@56b751b1, org.springframework.security.web.authentication.www.BasicAuthenticationFilter@5b59c3d, org.springframework.security.web.savedrequest.RequestCacheAwareFilter@163df259, org.springframework.security.web.servletapi.SecurityContextHolderAwareRequestFilter@405603b6, org.springframework.security.web.authentication.AnonymousAuthenticationFilter@6f65a203, org.springframework.security.web.access.ExceptionTranslationFilter@54a6ef6, org.springframework.security.web.access.intercept.AuthorizationFilter@5f5a33ed]
2025-12-03T18:24:11.641+01:00  INFO 37976 --- [currency-exchange] [           main] o.s.b.t.m.w.SpringBootMockServletContext : Initializing Spring TestDispatcherServlet ''
2025-12-03T18:24:11.642+01:00  INFO 37976 --- [currency-exchange] [           main] o.s.t.web.servlet.TestDispatcherServlet  : Initializing Servlet ''
2025-12-03T18:24:11.643+01:00  INFO 37976 --- [currency-exchange] [           main] o.s.t.web.servlet.TestDispatcherServlet  : Completed initialization in 0 ms
2025-12-03T18:24:11.655+01:00  INFO 37976 --- [currency-exchange] [           main] .e.c.c.CurrencyControllerIntegrationTest : Started CurrencyControllerIntegrationTest in 1.813 seconds (process running for 11.96)
2025-12-03T18:24:11.656+01:00  INFO 37976 --- [currency-exchange] [           main] c.e.c.config.CurrencyInitializer         : Initializing default currencies...
2025-12-03T18:24:11.656+01:00  INFO 37976 --- [currency-exchange] [           main] c.e.c.config.CurrencyInitializer         : Added default currency: USD
2025-12-03T18:24:11.656+01:00  INFO 37976 --- [currency-exchange] [           main] c.e.c.config.CurrencyInitializer         : Added default currency: EUR
2025-12-03T18:24:11.657+01:00  INFO 37976 --- [currency-exchange] [           main] c.e.c.config.CurrencyInitializer         : Added default currency: GBP
2025-12-03T18:24:11.657+01:00  INFO 37976 --- [currency-exchange] [           main] c.e.c.config.CurrencyInitializer         : Added default currency: JPY
2025-12-03T18:24:11.657+01:00  INFO 37976 --- [currency-exchange] [           main] c.e.c.config.CurrencyInitializer         : Added default currency: CHF
2025-12-03T18:24:11.657+01:00  INFO 37976 --- [currency-exchange] [           main] c.e.c.config.CurrencyInitializer         : Added default currency: CAD
2025-12-03T18:24:11.657+01:00  INFO 37976 --- [currency-exchange] [           main] c.e.c.config.CurrencyInitializer         : Added default currency: AUD
2025-12-03T18:24:11.657+01:00  INFO 37976 --- [currency-exchange] [           main] c.e.c.config.CurrencyInitializer         : Default currencies initialized successfully. Total currencies: 7
]]></system-out>
  </testcase>
  <testcase name="testAddCurrencyAsUserShouldReturnForbidden" classname="com.example.currencyexchange.controller.CurrencyControllerIntegrationTest" time="0.033">
    <system-out><![CDATA[2025-12-03T18:24:11.734+01:00  INFO 37976 --- [currency-exchange] [           main] o.s.b.d.r.RestartApplicationListener     : Restart disabled due to context in which it is running

  .   ____          _            __ _ _
 /\\ / ___'_ __ _ _(_)_ __  __ _ \ \ \ \
( ( )\___ | '_ | '_| | '_ \/ _` | \ \ \ \
 \\/  ___)| |_)| | | | | || (_| |  ) ) ) )
  '  |____| .__|_| |_|_| |_\__, | / / / /
 =========|_|==============|___/=/_/_/_/
 :: Spring Boot ::                (v3.2.0)

2025-12-03T18:24:11.789+01:00  INFO 37976 --- [currency-exchange] [           main] .e.c.c.CurrencyControllerIntegrationTest : Starting CurrencyControllerIntegrationTest using Java 21.0.9 with PID 37976 (started by h.pichukha in C:\Users\h.pichukha\IdeaProjects\Workshop-1-ready)
2025-12-03T18:24:11.790+01:00 DEBUG 37976 --- [currency-exchange] [           main] .e.c.c.CurrencyControllerIntegrationTest : Running with Spring Boot v3.2.0, Spring v6.1.1
2025-12-03T18:24:11.790+01:00  INFO 37976 --- [currency-exchange] [           main] .e.c.c.CurrencyControllerIntegrationTest : No active profile set, falling back to 1 default profile: "default"
2025-12-03T18:24:12.626+01:00  INFO 37976 --- [currency-exchange] [           main] o.s.s.web.DefaultSecurityFilterChain     : Will secure any request with [org.springframework.security.web.session.DisableEncodeUrlFilter@38fc34fd, org.springframework.security.web.context.request.async.WebAsyncManagerIntegrationFilter@7178d811, org.springframework.security.web.context.SecurityContextHolderFilter@2a5d2041, org.springframework.security.web.header.HeaderWriterFilter@6fdaef04, org.springframework.web.filter.CorsFilter@2e013ba1, org.springframework.security.web.authentication.logout.LogoutFilter@4040ccae, org.springframework.security.web.authentication.www.BasicAuthenticationFilter@7e1fb22c, org.springframework.security.web.savedrequest.RequestCacheAwareFilter@3cacc87, org.springframework.security.web.servletapi.SecurityContextHolderAwareRequestFilter@3bc6c10f, org.springframework.security.web.authentication.AnonymousAuthenticationFilter@2d8c729f, org.springframework.security.web.access.ExceptionTranslationFilter@4f7ef948, org.springframework.security.web.access.intercept.AuthorizationFilter@18f8ebd4]
2025-12-03T18:24:12.760+01:00  INFO 37976 --- [currency-exchange] [           main] o.s.b.t.m.w.SpringBootMockServletContext : Initializing Spring TestDispatcherServlet ''
2025-12-03T18:24:12.761+01:00  INFO 37976 --- [currency-exchange] [           main] o.s.t.web.servlet.TestDispatcherServlet  : Initializing Servlet ''
2025-12-03T18:24:12.762+01:00  INFO 37976 --- [currency-exchange] [           main] o.s.t.web.servlet.TestDispatcherServlet  : Completed initialization in 1 ms
2025-12-03T18:24:12.770+01:00  INFO 37976 --- [currency-exchange] [           main] .e.c.c.CurrencyControllerIntegrationTest : Started CurrencyControllerIntegrationTest in 1.036 seconds (process running for 13.075)
2025-12-03T18:24:12.771+01:00  INFO 37976 --- [currency-exchange] [           main] c.e.c.config.CurrencyInitializer         : Initializing default currencies...
2025-12-03T18:24:12.771+01:00  INFO 37976 --- [currency-exchange] [           main] c.e.c.config.CurrencyInitializer         : Added default currency: USD
2025-12-03T18:24:12.772+01:00  INFO 37976 --- [currency-exchange] [           main] c.e.c.config.CurrencyInitializer         : Added default currency: EUR
2025-12-03T18:24:12.772+01:00  INFO 37976 --- [currency-exchange] [           main] c.e.c.config.CurrencyInitializer         : Added default currency: GBP
2025-12-03T18:24:12.772+01:00  INFO 37976 --- [currency-exchange] [           main] c.e.c.config.CurrencyInitializer         : Added default currency: JPY
2025-12-03T18:24:12.772+01:00  INFO 37976 --- [currency-exchange] [           main] c.e.c.config.CurrencyInitializer         : Added default currency: CHF
2025-12-03T18:24:12.772+01:00  INFO 37976 --- [currency-exchange] [           main] c.e.c.config.CurrencyInitializer         : Added default currency: CAD
2025-12-03T18:24:12.772+01:00  INFO 37976 --- [currency-exchange] [           main] c.e.c.config.CurrencyInitializer         : Added default currency: AUD
2025-12-03T18:24:12.772+01:00  INFO 37976 --- [currency-exchange] [           main] c.e.c.config.CurrencyInitializer         : Default currencies initialized successfully. Total currencies: 7
]]></system-out>
  </testcase>
  <testcase name="testGetCurrenciesInitiallyEmpty" classname="com.example.currencyexchange.controller.CurrencyControllerIntegrationTest" time="0.023">
    <system-out><![CDATA[2025-12-03T18:24:12.813+01:00  INFO 37976 --- [currency-exchange] [           main] o.s.b.d.r.RestartApplicationListener     : Restart disabled due to context in which it is running

  .   ____          _            __ _ _
 /\\ / ___'_ __ _ _(_)_ __  __ _ \ \ \ \
( ( )\___ | '_ | '_| | '_ \/ _` | \ \ \ \
 \\/  ___)| |_)| | | | | || (_| |  ) ) ) )
  '  |____| .__|_| |_|_| |_\__, | / / / /
 =========|_|==============|___/=/_/_/_/
 :: Spring Boot ::                (v3.2.0)

2025-12-03T18:24:12.863+01:00  INFO 37976 --- [currency-exchange] [           main] .e.c.c.CurrencyControllerIntegrationTest : Starting CurrencyControllerIntegrationTest using Java 21.0.9 with PID 37976 (started by h.pichukha in C:\Users\h.pichukha\IdeaProjects\Workshop-1-ready)
2025-12-03T18:24:12.864+01:00 DEBUG 37976 --- [currency-exchange] [           main] .e.c.c.CurrencyControllerIntegrationTest : Running with Spring Boot v3.2.0, Spring v6.1.1
2025-12-03T18:24:12.872+01:00  INFO 37976 --- [currency-exchange] [           main] .e.c.c.CurrencyControllerIntegrationTest : No active profile set, falling back to 1 default profile: "default"
2025-12-03T18:24:13.741+01:00  INFO 37976 --- [currency-exchange] [           main] o.s.s.web.DefaultSecurityFilterChain     : Will secure any request with [org.springframework.security.web.session.DisableEncodeUrlFilter@d1d85d0, org.springframework.security.web.context.request.async.WebAsyncManagerIntegrationFilter@115a7e51, org.springframework.security.web.context.SecurityContextHolderFilter@1ab502f6, org.springframework.security.web.header.HeaderWriterFilter@3faa55, org.springframework.web.filter.CorsFilter@23ea3853, org.springframework.security.web.authentication.logout.LogoutFilter@7e451790, org.springframework.security.web.authentication.www.BasicAuthenticationFilter@5b32e0b1, org.springframework.security.web.savedrequest.RequestCacheAwareFilter@2a8e30e3, org.springframework.security.web.servletapi.SecurityContextHolderAwareRequestFilter@31c56721, org.springframework.security.web.authentication.AnonymousAuthenticationFilter@6f1163f7, org.springframework.security.web.access.ExceptionTranslationFilter@1b800a11, org.springframework.security.web.access.intercept.AuthorizationFilter@3f71ae7f]
2025-12-03T18:24:13.875+01:00  INFO 37976 --- [currency-exchange] [           main] o.s.b.t.m.w.SpringBootMockServletContext : Initializing Spring TestDispatcherServlet ''
2025-12-03T18:24:13.875+01:00  INFO 37976 --- [currency-exchange] [           main] o.s.t.web.servlet.TestDispatcherServlet  : Initializing Servlet ''
2025-12-03T18:24:13.876+01:00  INFO 37976 --- [currency-exchange] [           main] o.s.t.web.servlet.TestDispatcherServlet  : Completed initialization in 1 ms
2025-12-03T18:24:13.885+01:00  INFO 37976 --- [currency-exchange] [           main] .e.c.c.CurrencyControllerIntegrationTest : Started CurrencyControllerIntegrationTest in 1.072 seconds (process running for 14.19)
2025-12-03T18:24:13.886+01:00  INFO 37976 --- [currency-exchange] [           main] c.e.c.config.CurrencyInitializer         : Initializing default currencies...
2025-12-03T18:24:13.886+01:00  INFO 37976 --- [currency-exchange] [           main] c.e.c.config.CurrencyInitializer         : Added default currency: USD
2025-12-03T18:24:13.886+01:00  INFO 37976 --- [currency-exchange] [           main] c.e.c.config.CurrencyInitializer         : Added default currency: EUR
2025-12-03T18:24:13.887+01:00  INFO 37976 --- [currency-exchange] [           main] c.e.c.config.CurrencyInitializer         : Added default currency: GBP
2025-12-03T18:24:13.887+01:00  INFO 37976 --- [currency-exchange] [           main] c.e.c.config.CurrencyInitializer         : Added default currency: JPY
2025-12-03T18:24:13.887+01:00  INFO 37976 --- [currency-exchange] [           main] c.e.c.config.CurrencyInitializer         : Added default currency: CHF
2025-12-03T18:24:13.887+01:00  INFO 37976 --- [currency-exchange] [           main] c.e.c.config.CurrencyInitializer         : Added default currency: CAD
2025-12-03T18:24:13.889+01:00  INFO 37976 --- [currency-exchange] [           main] c.e.c.config.CurrencyInitializer         : Added default currency: AUD
2025-12-03T18:24:13.889+01:00  INFO 37976 --- [currency-exchange] [           main] c.e.c.config.CurrencyInitializer         : Default currencies initialized successfully. Total currencies: 7
]]></system-out>
  </testcase>
  <testcase name="testAddCurrencyAsAdmin" classname="com.example.currencyexchange.controller.CurrencyControllerIntegrationTest" time="0.017">
    <system-out><![CDATA[2025-12-03T18:24:13.925+01:00  INFO 37976 --- [currency-exchange] [           main] o.s.b.d.r.RestartApplicationListener     : Restart disabled due to context in which it is running

  .   ____          _            __ _ _
 /\\ / ___'_ __ _ _(_)_ __  __ _ \ \ \ \
( ( )\___ | '_ | '_| | '_ \/ _` | \ \ \ \
 \\/  ___)| |_)| | | | | || (_| |  ) ) ) )
  '  |____| .__|_| |_|_| |_\__, | / / / /
 =========|_|==============|___/=/_/_/_/
 :: Spring Boot ::                (v3.2.0)

2025-12-03T18:24:13.963+01:00  INFO 37976 --- [currency-exchange] [           main] .e.c.c.CurrencyControllerIntegrationTest : Starting CurrencyControllerIntegrationTest using Java 21.0.9 with PID 37976 (started by h.pichukha in C:\Users\h.pichukha\IdeaProjects\Workshop-1-ready)
2025-12-03T18:24:13.964+01:00 DEBUG 37976 --- [currency-exchange] [           main] .e.c.c.CurrencyControllerIntegrationTest : Running with Spring Boot v3.2.0, Spring v6.1.1
2025-12-03T18:24:13.964+01:00  INFO 37976 --- [currency-exchange] [           main] .e.c.c.CurrencyControllerIntegrationTest : No active profile set, falling back to 1 default profile: "default"
2025-12-03T18:24:14.926+01:00  INFO 37976 --- [currency-exchange] [           main] o.s.s.web.DefaultSecurityFilterChain     : Will secure any request with [org.springframework.security.web.session.DisableEncodeUrlFilter@147ad4bb, org.springframework.security.web.context.request.async.WebAsyncManagerIntegrationFilter@bd703bb, org.springframework.security.web.context.SecurityContextHolderFilter@cc7909f, org.springframework.security.web.header.HeaderWriterFilter@14bd523b, org.springframework.web.filter.CorsFilter@2a9565d7, org.springframework.security.web.authentication.logout.LogoutFilter@ca0a21f, org.springframework.security.web.authentication.www.BasicAuthenticationFilter@1d432d56, org.springframework.security.web.savedrequest.RequestCacheAwareFilter@8ce4320, org.springframework.security.web.servletapi.SecurityContextHolderAwareRequestFilter@42012093, org.springframework.security.web.authentication.AnonymousAuthenticationFilter@2e38d44e, org.springframework.security.web.access.ExceptionTranslationFilter@16fb9fdd, org.springframework.security.web.access.intercept.AuthorizationFilter@3dc39412]
2025-12-03T18:24:15.077+01:00  INFO 37976 --- [currency-exchange] [           main] o.s.b.t.m.w.SpringBootMockServletContext : Initializing Spring TestDispatcherServlet ''
2025-12-03T18:24:15.079+01:00  INFO 37976 --- [currency-exchange] [           main] o.s.t.web.servlet.TestDispatcherServlet  : Initializing Servlet ''
2025-12-03T18:24:15.079+01:00  INFO 37976 --- [currency-exchange] [           main] o.s.t.web.servlet.TestDispatcherServlet  : Completed initialization in 0 ms
2025-12-03T18:24:15.087+01:00  INFO 37976 --- [currency-exchange] [           main] .e.c.c.CurrencyControllerIntegrationTest : Started CurrencyControllerIntegrationTest in 1.163 seconds (process running for 15.393)
2025-12-03T18:24:15.089+01:00  INFO 37976 --- [currency-exchange] [           main] c.e.c.config.CurrencyInitializer         : Initializing default currencies...
2025-12-03T18:24:15.089+01:00  INFO 37976 --- [currency-exchange] [           main] c.e.c.config.CurrencyInitializer         : Added default currency: USD
2025-12-03T18:24:15.089+01:00  INFO 37976 --- [currency-exchange] [           main] c.e.c.config.CurrencyInitializer         : Added default currency: EUR
2025-12-03T18:24:15.090+01:00  INFO 37976 --- [currency-exchange] [           main] c.e.c.config.CurrencyInitializer         : Added default currency: GBP
2025-12-03T18:24:15.090+01:00  INFO 37976 --- [currency-exchange] [           main] c.e.c.config.CurrencyInitializer         : Added default currency: JPY
2025-12-03T18:24:15.090+01:00  INFO 37976 --- [currency-exchange] [           main] c.e.c.config.CurrencyInitializer         : Added default currency: CHF
2025-12-03T18:24:15.090+01:00  INFO 37976 --- [currency-exchange] [           main] c.e.c.config.CurrencyInitializer         : Added default currency: CAD
2025-12-03T18:24:15.090+01:00  INFO 37976 --- [currency-exchange] [           main] c.e.c.config.CurrencyInitializer         : Added default currency: AUD
2025-12-03T18:24:15.090+01:00  INFO 37976 --- [currency-exchange] [           main] c.e.c.config.CurrencyInitializer         : Default currencies initialized successfully. Total currencies: 7
]]></system-out>
  </testcase>
  <testcase name="testAddCurrencyWithoutAuthShouldReturnForbidden" classname="com.example.currencyexchange.controller.CurrencyControllerIntegrationTest" time="0.016">
    <system-out><![CDATA[2025-12-03T18:24:15.114+01:00  INFO 37976 --- [currency-exchange] [           main] o.s.b.d.r.RestartApplicationListener     : Restart disabled due to context in which it is running

  .   ____          _            __ _ _
 /\\ / ___'_ __ _ _(_)_ __  __ _ \ \ \ \
( ( )\___ | '_ | '_| | '_ \/ _` | \ \ \ \
 \\/  ___)| |_)| | | | | || (_| |  ) ) ) )
  '  |____| .__|_| |_|_| |_\__, | / / / /
 =========|_|==============|___/=/_/_/_/
 :: Spring Boot ::                (v3.2.0)

2025-12-03T18:24:15.159+01:00  INFO 37976 --- [currency-exchange] [           main] .e.c.c.CurrencyControllerIntegrationTest : Starting CurrencyControllerIntegrationTest using Java 21.0.9 with PID 37976 (started by h.pichukha in C:\Users\h.pichukha\IdeaProjects\Workshop-1-ready)
2025-12-03T18:24:15.160+01:00 DEBUG 37976 --- [currency-exchange] [           main] .e.c.c.CurrencyControllerIntegrationTest : Running with Spring Boot v3.2.0, Spring v6.1.1
2025-12-03T18:24:15.161+01:00  INFO 37976 --- [currency-exchange] [           main] .e.c.c.CurrencyControllerIntegrationTest : No active profile set, falling back to 1 default profile: "default"
2025-12-03T18:24:16.118+01:00  INFO 37976 --- [currency-exchange] [           main] o.s.s.web.DefaultSecurityFilterChain     : Will secure any request with [org.springframework.security.web.session.DisableEncodeUrlFilter@48cbe1c9, org.springframework.security.web.context.request.async.WebAsyncManagerIntegrationFilter@67e628b, org.springframework.security.web.context.SecurityContextHolderFilter@49c947f7, org.springframework.security.web.header.HeaderWriterFilter@585672dd, org.springframework.web.filter.CorsFilter@578c99ac, org.springframework.security.web.authentication.logout.LogoutFilter@38834000, org.springframework.security.web.authentication.www.BasicAuthenticationFilter@6a6a3fc4, org.springframework.security.web.savedrequest.RequestCacheAwareFilter@47b494ce, org.springframework.security.web.servletapi.SecurityContextHolderAwareRequestFilter@50dd1e3a, org.springframework.security.web.authentication.AnonymousAuthenticationFilter@6ca30886, org.springframework.security.web.access.ExceptionTranslationFilter@5f190cfe, org.springframework.security.web.access.intercept.AuthorizationFilter@63e648a0]
2025-12-03T18:24:16.254+01:00  INFO 37976 --- [currency-exchange] [           main] o.s.b.t.m.w.SpringBootMockServletContext : Initializing Spring TestDispatcherServlet ''
2025-12-03T18:24:16.256+01:00  INFO 37976 --- [currency-exchange] [           main] o.s.t.web.servlet.TestDispatcherServlet  : Initializing Servlet ''
2025-12-03T18:24:16.259+01:00  INFO 37976 --- [currency-exchange] [           main] o.s.t.web.servlet.TestDispatcherServlet  : Completed initialization in 2 ms
2025-12-03T18:24:16.272+01:00  INFO 37976 --- [currency-exchange] [           main] .e.c.c.CurrencyControllerIntegrationTest : Started CurrencyControllerIntegrationTest in 1.158 seconds (process running for 16.577)
2025-12-03T18:24:16.273+01:00  INFO 37976 --- [currency-exchange] [           main] c.e.c.config.CurrencyInitializer         : Initializing default currencies...
2025-12-03T18:24:16.273+01:00  INFO 37976 --- [currency-exchange] [           main] c.e.c.config.CurrencyInitializer         : Added default currency: USD
2025-12-03T18:24:16.273+01:00  INFO 37976 --- [currency-exchange] [           main] c.e.c.config.CurrencyInitializer         : Added default currency: EUR
2025-12-03T18:24:16.273+01:00  INFO 37976 --- [currency-exchange] [           main] c.e.c.config.CurrencyInitializer         : Added default currency: GBP
2025-12-03T18:24:16.273+01:00  INFO 37976 --- [currency-exchange] [           main] c.e.c.config.CurrencyInitializer         : Added default currency: JPY
2025-12-03T18:24:16.273+01:00  INFO 37976 --- [currency-exchange] [           main] c.e.c.config.CurrencyInitializer         : Added default currency: CHF
2025-12-03T18:24:16.273+01:00  INFO 37976 --- [currency-exchange] [           main] c.e.c.config.CurrencyInitializer         : Added default currency: CAD
2025-12-03T18:24:16.274+01:00  INFO 37976 --- [currency-exchange] [           main] c.e.c.config.CurrencyInitializer         : Added default currency: AUD
2025-12-03T18:24:16.274+01:00  INFO 37976 --- [currency-exchange] [           main] c.e.c.config.CurrencyInitializer         : Default currencies initialized successfully. Total currencies: 7
]]></system-out>
  </testcase>
</testsuite>