<?xml version="1.0" encoding="UTF-8"?>
<testsuite xmlns:xsi="http://www.w3.org/2001/XMLSchema-instance" xsi:noNamespaceSchemaLocation="https://maven.apache.org/surefire/maven-surefire-plugin/xsd/surefire-test-report-3.0.xsd" version="3.0" name="com.example.currencyexchange.controller.ExchangeControllerIntegrationTest" time="5.793" tests="5" errors="0" skipped="0" failures="0">
  <properties>
[...]
</properties>
  <testcase name="testConvertCurrency" classname="com.example.currencyexchange.controller.ExchangeControllerIntegrationTest" time="0.037">
    <system-out><![CDATA[2025-12-03T18:24:16.303+01:00  INFO 37976 --- [currency-exchange] [           main] t.c.s.AnnotationConfigContextLoaderUtils : Could not detect default configuration classes for test class [com.example.currencyexchange.controller.ExchangeControllerIntegrationTest]: ExchangeControllerIntegrationTest does not declare any static, non-private, non-final, nested classes annotated with @Configuration.
2025-12-03T18:24:16.311+01:00  INFO 37976 --- [currency-exchange] [           main] .b.t.c.SpringBootTestContextBootstrapper : Found @SpringBootConfiguration com.example.currencyexchange.CurrencyExchangeApplication for test class com.example.currencyexchange.controller.ExchangeControllerIntegrationTest
2025-12-03T18:24:16.317+01:00  INFO 37976 --- [currency-exchange] [           main] o.s.b.d.r.RestartApplicationListener     : Restart disabled due to context in which it is running

  .   ____          _            __ _ _
 /\\ / ___'_ __ _ _(_)_ __  __ _ \ \ \ \
( ( )\___ | '_ | '_| | '_ \/ _` | \ \ \ \
 \\/  ___)| |_)| | | | | || (_| |  ) ) ) )
  '  |____| .__|_| |_|_| |_\__, | / / / /
 =========|_|==============|___/=/_/_/_/
 :: Spring Boot ::                (v3.2.0)

2025-12-03T18:24:16.375+01:00  INFO 37976 --- [currency-exchange] [           main] .e.c.c.ExchangeControllerIntegrationTest : Starting ExchangeControllerIntegrationTest using Java 21.0.9 with PID 37976 (started by h.pichukha in C:\Users\h.pichukha\IdeaProjects\Workshop-1-ready)
2025-12-03T18:24:16.375+01:00 DEBUG 37976 --- [currency-exchange] [           main] .e.c.c.ExchangeControllerIntegrationTest : Running with Spring Boot v3.2.0, Spring v6.1.1
2025-12-03T18:24:16.375+01:00  INFO 37976 --- [currency-exchange] [           main] .e.c.c.ExchangeControllerIntegrationTest : No active profile set, falling back to 1 default profile: "default"
2025-12-03T18:24:17.424+01:00  INFO 37976 --- [currency-exchange] [           main] o.s.s.web.DefaultSecurityFilterChain     : Will secure any request with [org.springframework.security.web.session.DisableEncodeUrlFilter@3d2ff73a, org.springframework.security.web.context.request.async.WebAsyncManagerIntegrationFilter@736a8aea, org.springframework.security.web.context.SecurityContextHolderFilter@71e55e48, org.springframework.security.web.header.HeaderWriterFilter@39921410, org.springframework.web.filter.CorsFilter@504b4a97, org.springframework.security.web.authentication.logout.LogoutFilter@2d568cff, org.springframework.security.web.authentication.www.BasicAuthenticationFilter@2487b621, org.springframework.security.web.savedrequest.RequestCacheAwareFilter@36696821, org.springframework.security.web.servletapi.SecurityContextHolderAwareRequestFilter@5f01361e, org.springframework.security.web.authentication.AnonymousAuthenticationFilter@4964d801, org.springframework.security.web.access.ExceptionTranslationFilter@90c01ab, org.springframework.security.web.access.intercept.AuthorizationFilter@6e4bccc]
2025-12-03T18:24:17.515+01:00  INFO 37976 --- [currency-exchange] [           main] o.s.b.t.m.w.SpringBootMockServletContext : Initializing Spring TestDispatcherServlet ''
2025-12-03T18:24:17.515+01:00  INFO 37976 --- [currency-exchange] [           main] o.s.t.web.servlet.TestDispatcherServlet  : Initializing Servlet ''
2025-12-03T18:24:17.516+01:00  INFO 37976 --- [currency-exchange] [           main] o.s.t.web.servlet.TestDispatcherServlet  : Completed initialization in 1 ms
2025-12-03T18:24:17.520+01:00  INFO 37976 --- [currency-exchange] [           main] .e.c.c.ExchangeControllerIntegrationTest : Started ExchangeControllerIntegrationTest in 1.204 seconds (process running for 17.825)
2025-12-03T18:24:17.522+01:00  INFO 37976 --- [currency-exchange] [           main] c.e.c.config.CurrencyInitializer         : Initializing default currencies...
2025-12-03T18:24:17.522+01:00  INFO 37976 --- [currency-exchange] [           main] c.e.c.config.CurrencyInitializer         : Added default currency: USD
2025-12-03T18:24:17.522+01:00  INFO 37976 --- [currency-exchange] [           main] c.e.c.config.CurrencyInitializer         : Added default currency: EUR
2025-12-03T18:24:17.522+01:00  INFO 37976 --- [currency-exchange] [           main] c.e.c.config.CurrencyInitializer         : Added default currency: GBP
2025-12-03T18:24:17.522+01:00  INFO 37976 --- [currency-exchange] [           main] c.e.c.config.CurrencyInitializer         : Added default currency: JPY
2025-12-03T18:24:17.523+01:00  INFO 37976 --- [currency-exchange] [           main] c.e.c.config.CurrencyInitializer         : Added default currency: CHF
2025-12-03T18:24:17.523+01:00  INFO 37976 --- [currency-exchange] [           main] c.e.c.config.CurrencyInitializer         : Added default currency: CAD
2025-12-03T18:24:17.523+01:00  INFO 37976 --- [currency-exchange] [           main] c.e.c.config.CurrencyInitializer         : Added default currency: AUD
2025-12-03T18:24:17.523+01:00  INFO 37976 --- [currency-exchange] [           main] c.e.c.config.CurrencyInitializer         : Default currencies initialized successfully. Total currencies: 7
]]></system-out>
  </testcase>
  <testcase name="testConvertWithUnsupportedFromCurrencyShouldReturnNotFound" classname="com.example.currencyexchange.controller.ExchangeControllerIntegrationTest" time="0.04">
    <system-out><![CDATA[2025-12-03T18:24:17.572+01:00  INFO 37976 --- [currency-exchange] [           main] o.s.b.d.r.RestartApplicationListener     : Restart disabled due to context in which it is running

  .   ____          _            __ _ _
 /\\ / ___'_ __ _ _(_)_ __  __ _ \ \ \ \
( ( )\___ | '_ | '_| | '_ \/ _` | \ \ \ \
 \\/  ___)| |_)| | | | | || (_| |  ) ) ) )
  '  |____| .__|_| |_|_| |_\__, | / / / /
 =========|_|==============|___/=/_/_/_/
 :: Spring Boot ::                (v3.2.0)

2025-12-03T18:24:17.621+01:00  INFO 37976 --- [currency-exchange] [           main] .e.c.c.ExchangeControllerIntegrationTest : Starting ExchangeControllerIntegrationTest using Java 21.0.9 with PID 37976 (started by h.pichukha in C:\Users\h.pichukha\IdeaProjects\Workshop-1-ready)
2025-12-03T18:24:17.621+01:00 DEBUG 37976 --- [currency-exchange] [           main] .e.c.c.ExchangeControllerIntegrationTest : Running with Spring Boot v3.2.0, Spring v6.1.1
2025-12-03T18:24:17.621+01:00  INFO 37976 --- [currency-exchange] [           main] .e.c.c.ExchangeControllerIntegrationTest : No active profile set, falling back to 1 default profile: "default"
2025-12-03T18:24:18.727+01:00  INFO 37976 --- [currency-exchange] [           main] o.s.s.web.DefaultSecurityFilterChain     : Will secure any request with [org.springframework.security.web.session.DisableEncodeUrlFilter@2b569858, org.springframework.security.web.context.request.async.WebAsyncManagerIntegrationFilter@1b84d03d, org.springframework.security.web.context.SecurityContextHolderFilter@623a891d, org.springframework.security.web.header.HeaderWriterFilter@25b87e1b, org.springframework.web.filter.CorsFilter@41d8ac75, org.springframework.security.web.authentication.logout.LogoutFilter@258ac1e6, org.springframework.security.web.authentication.www.BasicAuthenticationFilter@58a0f75b, org.springframework.security.web.savedrequest.RequestCacheAwareFilter@7962a364, org.springframework.security.web.servletapi.SecurityContextHolderAwareRequestFilter@756030e2, org.springframework.security.web.authentication.AnonymousAuthenticationFilter@1e1d813a, org.springframework.security.web.access.ExceptionTranslationFilter@721fc228, org.springframework.security.web.access.intercept.AuthorizationFilter@3d0ce151]
2025-12-03T18:24:18.873+01:00  INFO 37976 --- [currency-exchange] [           main] o.s.b.t.m.w.SpringBootMockServletContext : Initializing Spring TestDispatcherServlet ''
2025-12-03T18:24:18.874+01:00  INFO 37976 --- [currency-exchange] [           main] o.s.t.web.servlet.TestDispatcherServlet  : Initializing Servlet ''
2025-12-03T18:24:18.874+01:00  INFO 37976 --- [currency-exchange] [           main] o.s.t.web.servlet.TestDispatcherServlet  : Completed initialization in 0 ms
2025-12-03T18:24:18.897+01:00  INFO 37976 --- [currency-exchange] [           main] .e.c.c.ExchangeControllerIntegrationTest : Started ExchangeControllerIntegrationTest in 1.32 seconds (process running for 19.201)
2025-12-03T18:24:18.904+01:00  INFO 37976 --- [currency-exchange] [           main] c.e.c.config.CurrencyInitializer         : Initializing default currencies...
2025-12-03T18:24:18.910+01:00  INFO 37976 --- [currency-exchange] [           main] c.e.c.config.CurrencyInitializer         : Added default currency: USD
2025-12-03T18:24:18.910+01:00  INFO 37976 --- [currency-exchange] [           main] c.e.c.config.CurrencyInitializer         : Added default currency: EUR
2025-12-03T18:24:18.910+01:00  INFO 37976 --- [currency-exchange] [           main] c.e.c.config.CurrencyInitializer         : Added default currency: GBP
2025-12-03T18:24:18.910+01:00  INFO 37976 --- [currency-exchange] [           main] c.e.c.config.CurrencyInitializer         : Added default currency: JPY
2025-12-03T18:24:18.910+01:00  INFO 37976 --- [currency-exchange] [           main] c.e.c.config.CurrencyInitializer         : Added default currency: CHF
2025-12-03T18:24:18.910+01:00  INFO 37976 --- [currency-exchange] [           main] c.e.c.config.CurrencyInitializer         : Added default currency: CAD
2025-12-03T18:24:18.910+01:00  INFO 37976 --- [currency-exchange] [           main] c.e.c.config.CurrencyInitializer         : Added default currency: AUD
2025-12-03T18:24:18.910+01:00  INFO 37976 --- [currency-exchange] [           main] c.e.c.config.CurrencyInitializer         : Default currencies initialized successfully. Total currencies: 7
]]></system-out>
  </testcase>
  <testcase name="testConvertZeroAmount" classname="com.example.currencyexchange.controller.ExchangeControllerIntegrationTest" time="0.015">
    <system-out><![CDATA[2025-12-03T18:24:18.974+01:00  INFO 37976 --- [currency-exchange] [           main] o.s.b.d.r.RestartApplicationListener     : Restart disabled due to context in which it is running

  .   ____          _            __ _ _
 /\\ / ___'_ __ _ _(_)_ __  __ _ \ \ \ \
( ( )\___ | '_ | '_| | '_ \/ _` | \ \ \ \
 \\/  ___)| |_)| | | | | || (_| |  ) ) ) )
  '  |____| .__|_| |_|_| |_\__, | / / / /
 =========|_|==============|___/=/_/_/_/
 :: Spring Boot ::                (v3.2.0)

2025-12-03T18:24:19.069+01:00  INFO 37976 --- [currency-exchange] [           main] .e.c.c.ExchangeControllerIntegrationTest : Starting ExchangeControllerIntegrationTest using Java 21.0.9 with PID 37976 (started by h.pichukha in C:\Users\h.pichukha\IdeaProjects\Workshop-1-ready)
2025-12-03T18:24:19.070+01:00 DEBUG 37976 --- [currency-exchange] [           main] .e.c.c.ExchangeControllerIntegrationTest : Running with Spring Boot v3.2.0, Spring v6.1.1
2025-12-03T18:24:19.070+01:00  INFO 37976 --- [currency-exchange] [           main] .e.c.c.ExchangeControllerIntegrationTest : No active profile set, falling back to 1 default profile: "default"
2025-12-03T18:24:20.392+01:00  INFO 37976 --- [currency-exchange] [           main] o.s.s.web.DefaultSecurityFilterChain     : Will secure any request with [org.springframework.security.web.session.DisableEncodeUrlFilter@49314684, org.springframework.security.web.context.request.async.WebAsyncManagerIntegrationFilter@4d5d945d, org.springframework.security.web.context.SecurityContextHolderFilter@7154a248, org.springframework.security.web.header.HeaderWriterFilter@f4b2d13, org.springframework.web.filter.CorsFilter@60c33609, org.springframework.security.web.authentication.logout.LogoutFilter@27d4513e, org.springframework.security.web.authentication.www.BasicAuthenticationFilter@4c69b396, org.springframework.security.web.savedrequest.RequestCacheAwareFilter@435a4d2d, org.springframework.security.web.servletapi.SecurityContextHolderAwareRequestFilter@253379ec, org.springframework.security.web.authentication.AnonymousAuthenticationFilter@6137dc84, org.springframework.security.web.access.ExceptionTranslationFilter@79d3fb99, org.springframework.security.web.access.intercept.AuthorizationFilter@834b0f7]
2025-12-03T18:24:20.479+01:00  INFO 37976 --- [currency-exchange] [           main] o.s.b.t.m.w.SpringBootMockServletContext : Initializing Spring TestDispatcherServlet ''
2025-12-03T18:24:20.479+01:00  INFO 37976 --- [currency-exchange] [           main] o.s.t.web.servlet.TestDispatcherServlet  : Initializing Servlet ''
2025-12-03T18:24:20.480+01:00  INFO 37976 --- [currency-exchange] [           main] o.s.t.web.servlet.TestDispatcherServlet  : Completed initialization in 1 ms
2025-12-03T18:24:20.486+01:00  INFO 37976 --- [currency-exchange] [           main] .e.c.c.ExchangeControllerIntegrationTest : Started ExchangeControllerIntegrationTest in 1.514 seconds (process running for 20.791)
2025-12-03T18:24:20.486+01:00  INFO 37976 --- [currency-exchange] [           main] c.e.c.config.CurrencyInitializer         : Initializing default currencies...
2025-12-03T18:24:20.486+01:00  INFO 37976 --- [currency-exchange] [           main] c.e.c.config.CurrencyInitializer         : Added default currency: USD
2025-12-03T18:24:20.486+01:00  INFO 37976 --- [currency-exchange] [           main] c.e.c.config.CurrencyInitializer         : Added default currency: EUR
2025-12-03T18:24:20.486+01:00  INFO 37976 --- [currency-exchange] [           main] c.e.c.config.CurrencyInitializer         : Added default currency: GBP
2025-12-03T18:24:20.486+01:00  INFO 37976 --- [currency-exchange] [           main] c.e.c.config.CurrencyInitializer         : Added default currency: JPY
2025-12-03T18:24:20.486+01:00  INFO 37976 --- [currency-exchange] [           main] c.e.c.config.CurrencyInitializer         : Added default currency: CHF
2025-12-03T18:24:20.487+01:00  INFO 37976 --- [currency-exchange] [           main] c.e.c.config.CurrencyInitializer         : Added default currency: CAD
2025-12-03T18:24:20.487+01:00  INFO 37976 --- [currency-exchange] [           main] c.e.c.config.CurrencyInitializer         : Added default currency: AUD
2025-12-03T18:24:20.487+01:00  INFO 37976 --- [currency-exchange] [           main] c.e.c.config.CurrencyInitializer         : Default currencies initialized successfully. Total currencies: 7
]]></system-out>
  </testcase>
  <testcase name="testConvertWithNegativeAmountShouldReturnBadRequest" classname="com.example.currencyexchange.controller.ExchangeControllerIntegrationTest" time="0.028">
    <system-out><![CDATA[2025-12-03T18:24:20.509+01:00  INFO 37976 --- [currency-exchange] [           main] o.s.b.d.r.RestartApplicationListener     : Restart disabled due to context in which it is running

  .   ____          _            __ _ _
 /\\ / ___'_ __ _ _(_)_ __  __ _ \ \ \ \
( ( )\___ | '_ | '_| | '_ \/ _` | \ \ \ \
 \\/  ___)| |_)| | | | | || (_| |  ) ) ) )
  '  |____| .__|_| |_|_| |_\__, | / / / /
 =========|_|==============|___/=/_/_/_/
 :: Spring Boot ::                (v3.2.0)

2025-12-03T18:24:20.551+01:00  INFO 37976 --- [currency-exchange] [           main] .e.c.c.ExchangeControllerIntegrationTest : Starting ExchangeControllerIntegrationTest using Java 21.0.9 with PID 37976 (started by h.pichukha in C:\Users\h.pichukha\IdeaProjects\Workshop-1-ready)
2025-12-03T18:24:20.551+01:00 DEBUG 37976 --- [currency-exchange] [           main] .e.c.c.ExchangeControllerIntegrationTest : Running with Spring Boot v3.2.0, Spring v6.1.1
2025-12-03T18:24:20.552+01:00  INFO 37976 --- [currency-exchange] [           main] .e.c.c.ExchangeControllerIntegrationTest : No active profile set, falling back to 1 default profile: "default"
2025-12-03T18:24:21.231+01:00  INFO 37976 --- [currency-exchange] [           main] o.s.s.web.DefaultSecurityFilterChain     : Will secure any request with [org.springframework.security.web.session.DisableEncodeUrlFilter@25131637, org.springframework.security.web.context.request.async.WebAsyncManagerIntegrationFilter@5d7f4cbb, org.springframework.security.web.context.SecurityContextHolderFilter@221961f2, org.springframework.security.web.header.HeaderWriterFilter@5276330a, org.springframework.web.filter.CorsFilter@6cf34b88, org.springframework.security.web.authentication.logout.LogoutFilter@5bb24266, org.springframework.security.web.authentication.www.BasicAuthenticationFilter@6c7bc8ac, org.springframework.security.web.savedrequest.RequestCacheAwareFilter@541d8a9e, org.springframework.security.web.servletapi.SecurityContextHolderAwareRequestFilter@51c0346d, org.springframework.security.web.authentication.AnonymousAuthenticationFilter@5e7fc012, org.springframework.security.web.access.ExceptionTranslationFilter@653c0c9c, org.springframework.security.web.access.intercept.AuthorizationFilter@33f059ad]
2025-12-03T18:24:21.305+01:00  INFO 37976 --- [currency-exchange] [           main] o.s.b.t.m.w.SpringBootMockServletContext : Initializing Spring TestDispatcherServlet ''
2025-12-03T18:24:21.305+01:00  INFO 37976 --- [currency-exchange] [           main] o.s.t.web.servlet.TestDispatcherServlet  : Initializing Servlet ''
2025-12-03T18:24:21.306+01:00  INFO 37976 --- [currency-exchange] [           main] o.s.t.web.servlet.TestDispatcherServlet  : Completed initialization in 1 ms
2025-12-03T18:24:21.317+01:00  INFO 37976 --- [currency-exchange] [           main] .e.c.c.ExchangeControllerIntegrationTest : Started ExchangeControllerIntegrationTest in 0.809 seconds (process running for 21.623)
2025-12-03T18:24:21.320+01:00  INFO 37976 --- [currency-exchange] [           main] c.e.c.config.CurrencyInitializer         : Initializing default currencies...
2025-12-03T18:24:21.320+01:00  INFO 37976 --- [currency-exchange] [           main] c.e.c.config.CurrencyInitializer         : Added default currency: USD
2025-12-03T18:24:21.320+01:00  INFO 37976 --- [currency-exchange] [           main] c.e.c.config.CurrencyInitializer         : Added default currency: EUR
2025-12-03T18:24:21.320+01:00  INFO 37976 --- [currency-exchange] [           main] c.e.c.config.CurrencyInitializer         : Added default currency: GBP
2025-12-03T18:24:21.320+01:00  INFO 37976 --- [currency-exchange] [           main] c.e.c.config.CurrencyInitializer         : Added default currency: JPY
2025-12-03T18:24:21.320+01:00  INFO 37976 --- [currency-exchange] [           main] c.e.c.config.CurrencyInitializer         : Added default currency: CHF
2025-12-03T18:24:21.320+01:00  INFO 37976 --- [currency-exchange] [           main] c.e.c.config.CurrencyInitializer         : Added default currency: CAD
2025-12-03T18:24:21.320+01:00  INFO 37976 --- [currency-exchange] [           main] c.e.c.config.CurrencyInitializer         : Added default currency: AUD
2025-12-03T18:24:21.320+01:00  INFO 37976 --- [currency-exchange] [           main] c.e.c.config.CurrencyInitializer         : Default currencies initialized successfully. Total currencies: 7
]]></system-out>
  </testcase>
  <testcase name="testConvertWithUnsupportedToCurrencyShouldReturnNotFound" classname="com.example.currencyexchange.controller.ExchangeControllerIntegrationTest" time="0.018">
    <system-out><![CDATA[2025-12-03T18:24:21.355+01:00  INFO 37976 --- [currency-exchange] [           main] o.s.b.d.r.RestartApplicationListener     : Restart disabled due to context in which it is running

  .   ____          _            __ _ _
 /\\ / ___'_ __ _ _(_)_ __  __ _ \ \ \ \
( ( )\___ | '_ | '_| | '_ \/ _` | \ \ \ \
 \\/  ___)| |_)| | | | | || (_| |  ) ) ) )
  '  |____| .__|_| |_|_| |_\__, | / / / /
 =========|_|==============|___/=/_/_/_/
 :: Spring Boot ::                (v3.2.0)

2025-12-03T18:24:21.394+01:00  INFO 37976 --- [currency-exchange] [           main] .e.c.c.ExchangeControllerIntegrationTest : Starting ExchangeControllerIntegrationTest using Java 21.0.9 with PID 37976 (started by h.pichukha in C:\Users\h.pichukha\IdeaProjects\Workshop-1-ready)
2025-12-03T18:24:21.394+01:00 DEBUG 37976 --- [currency-exchange] [           main] .e.c.c.ExchangeControllerIntegrationTest : Running with Spring Boot v3.2.0, Spring v6.1.1
2025-12-03T18:24:21.394+01:00  INFO 37976 --- [currency-exchange] [           main] .e.c.c.ExchangeControllerIntegrationTest : No active profile set, falling back to 1 default profile: "default"
2025-12-03T18:24:21.999+01:00  INFO 37976 --- [currency-exchange] [           main] o.s.s.web.DefaultSecurityFilterChain     : Will secure any request with [org.springframework.security.web.session.DisableEncodeUrlFilter@701153c1, org.springframework.security.web.context.request.async.WebAsyncManagerIntegrationFilter@301434fb, org.springframework.security.web.context.SecurityContextHolderFilter@555454c7, org.springframework.security.web.header.HeaderWriterFilter@74832504, org.springframework.web.filter.CorsFilter@1641dfb3, org.springframework.security.web.authentication.logout.LogoutFilter@4ce5013a, org.springframework.security.web.authentication.www.BasicAuthenticationFilter@14997cb9, org.springframework.security.web.savedrequest.RequestCacheAwareFilter@1a4340f2, org.springframework.security.web.servletapi.SecurityContextHolderAwareRequestFilter@56a63c28, org.springframework.security.web.authentication.AnonymousAuthenticationFilter@49620576, org.springframework.security.web.access.ExceptionTranslationFilter@331fe6d4, org.springframework.security.web.access.intercept.AuthorizationFilter@2b01be54]
2025-12-03T18:24:22.066+01:00  INFO 37976 --- [currency-exchange] [           main] o.s.b.t.m.w.SpringBootMockServletContext : Initializing Spring TestDispatcherServlet ''
2025-12-03T18:24:22.066+01:00  INFO 37976 --- [currency-exchange] [           main] o.s.t.web.servlet.TestDispatcherServlet  : Initializing Servlet ''
2025-12-03T18:24:22.066+01:00  INFO 37976 --- [currency-exchange] [           main] o.s.t.web.servlet.TestDispatcherServlet  : Completed initialization in 0 ms
2025-12-03T18:24:22.071+01:00  INFO 37976 --- [currency-exchange] [           main] .e.c.c.ExchangeControllerIntegrationTest : Started ExchangeControllerIntegrationTest in 0.715 seconds (process running for 22.375)
2025-12-03T18:24:22.071+01:00  INFO 37976 --- [currency-exchange] [           main] c.e.c.config.CurrencyInitializer         : Initializing default currencies...
2025-12-03T18:24:22.071+01:00  INFO 37976 --- [currency-exchange] [           main] c.e.c.config.CurrencyInitializer         : Added default currency: USD
2025-12-03T18:24:22.071+01:00  INFO 37976 --- [currency-exchange] [           main] c.e.c.config.CurrencyInitializer         : Added default currency: EUR
2025-12-03T18:24:22.071+01:00  INFO 37976 --- [currency-exchange] [           main] c.e.c.config.CurrencyInitializer         : Added default currency: GBP
2025-12-03T18:24:22.071+01:00  INFO 37976 --- [currency-exchange] [           main] c.e.c.config.CurrencyInitializer         : Added default currency: JPY
2025-12-03T18:24:22.072+01:00  INFO 37976 --- [currency-exchange] [           main] c.e.c.config.CurrencyInitializer         : Added default currency: CHF
2025-12-03T18:24:22.072+01:00  INFO 37976 --- [currency-exchange] [           main] c.e.c.config.CurrencyInitializer         : Added default currency: CAD
2025-12-03T18:24:22.072+01:00  INFO 37976 --- [currency-exchange] [           main] c.e.c.config.CurrencyInitializer         : Added default currency: AUD
2025-12-03T18:24:22.072+01:00  INFO 37976 --- [currency-exchange] [           main] c.e.c.config.CurrencyInitializer         : Default currencies initialized successfully. Total currencies: 7
]]></system-out>
  </testcase>
</testsuite>