<?xml version="1.0" encoding="UTF-8"?>
<testsuite xmlns:xsi="http://www.w3.org/2001/XMLSchema-instance" xsi:noNamespaceSchemaLocation="https://maven.apache.org/surefire/maven-surefire-plugin/xsd/surefire-test-report-3.0.xsd" version="3.0" name="com.example.currencyexchange.CurrencyExchangeApplicationTests" time="0.889" tests="1" errors="0" skipped="0" failures="0">
  <properties>
[...]
</properties>
  <testcase name="contextLoads" classname="com.example.currencyexchange.CurrencyExchangeApplicationTests" time="0.004">
    <system-out><![CDATA[2025-12-03T18:24:22.100+01:00  INFO 37976 --- [currency-exchange] [           main] t.c.s.AnnotationConfigContextLoaderUtils : Could not detect default configuration classes for test class [com.example.currencyexchange.CurrencyExchangeApplicationTests]: CurrencyExchangeApplicationTests does not declare any static, non-private, non-final, nested classes annotated with @Configuration.
2025-12-03T18:24:22.116+01:00  INFO 37976 --- [currency-exchange] [           main] .b.t.c.SpringBootTestContextBootstrapper : Found @SpringBootConfiguration com.example.currencyexchange.CurrencyExchangeApplication for test class com.example.currencyexchange.CurrencyExchangeApplicationTests
2025-12-03T18:24:22.122+01:00  INFO 37976 --- [currency-exchange] [           main] o.s.b.d.r.RestartApplicationListener     : Restart disabled due to context in which it is running

  .   ____          _            __ _ _
 /\\ / ___'_ __ _ _(_)_ __  __ _ \ \ \ \
( ( )\___ | '_ | '_| | '_ \/ _` | \ \ \ \
 \\/  ___)| |_)| | | | | || (_| |  ) ) ) )
  '  |____| .__|_| |_|_| |_\__, | / / / /
 =========|_|==============|___/=/_/_/_/
 :: Spring Boot ::                (v3.2.0)

2025-12-03T18:24:22.164+01:00  INFO 37976 --- [currency-exchange] [           main] c.e.c.CurrencyExchangeApplicationTests   : Starting CurrencyExchangeApplicationTests using Java 21.0.9 with PID 37976 (started by h.pichukha in C:\Users\h.pichukha\IdeaProjects\Workshop-1-ready)
2025-12-03T18:24:22.164+01:00 DEBUG 37976 --- [currency-exchange] [           main] c.e.c.CurrencyExchangeApplicationTests   : Running with Spring Boot v3.2.0, Spring v6.1.1
2025-12-03T18:24:22.164+01:00  INFO 37976 --- [currency-exchange] [           main] c.e.c.CurrencyExchangeApplicationTests   : No active profile set, falling back to 1 default profile: "default"
2025-12-03T18:24:22.911+01:00  INFO 37976 --- [currency-exchange] [           main] o.s.s.web.DefaultSecurityFilterChain     : Will secure any request with [org.springframework.security.web.session.DisableEncodeUrlFilter@7b99e726, org.springframework.security.web.context.request.async.WebAsyncManagerIntegrationFilter@1b841396, org.springframework.security.web.context.SecurityContextHolderFilter@24eb71f6, org.springframework.security.web.header.HeaderWriterFilter@46977829, org.springframework.web.filter.CorsFilter@583b177a, org.springframework.security.web.authentication.logout.LogoutFilter@15eaa2ce, org.springframework.security.web.authentication.www.BasicAuthenticationFilter@3b25ce5e, org.springframework.security.web.savedrequest.RequestCacheAwareFilter@12b34bd5, org.springframework.security.web.servletapi.SecurityContextHolderAwareRequestFilter@17da6e45, org.springframework.security.web.authentication.AnonymousAuthenticationFilter@4d79651d, org.springframework.security.web.access.ExceptionTranslationFilter@2474331d, org.springframework.security.web.access.intercept.AuthorizationFilter@596343e7]
2025-12-03T18:24:22.980+01:00  INFO 37976 --- [currency-exchange] [           main] c.e.c.CurrencyExchangeApplicationTests   : Started CurrencyExchangeApplicationTests in 0.858 seconds (process running for 23.285)
2025-12-03T18:24:22.981+01:00  INFO 37976 --- [currency-exchange] [           main] c.e.c.config.CurrencyInitializer         : Initializing default currencies...
2025-12-03T18:24:22.981+01:00  INFO 37976 --- [currency-exchange] [           main] c.e.c.config.CurrencyInitializer         : Added default currency: USD
2025-12-03T18:24:22.981+01:00  INFO 37976 --- [currency-exchange] [           main] c.e.c.config.CurrencyInitializer         : Added default currency: EUR
2025-12-03T18:24:22.981+01:00  INFO 37976 --- [currency-exchange] [           main] c.e.c.config.CurrencyInitializer         : Added default currency: GBP
2025-12-03T18:24:22.981+01:00  INFO 37976 --- [currency-exchange] [           main] c.e.c.config.CurrencyInitializer         : Added default currency: JPY
2025-12-03T18:24:22.981+01:00  INFO 37976 --- [currency-exchange] [           main] c.e.c.config.CurrencyInitializer         : Added default currency: CHF
2025-12-03T18:24:22.981+01:00  INFO 37976 --- [currency-exchange] [           main] c.e.c.config.CurrencyInitializer         : Added default currency: CAD
2025-12-03T18:24:22.981+01:00  INFO 37976 --- [currency-exchange] [           main] c.e.c.config.CurrencyInitializer         : Added default currency: AUD
2025-12-03T18:24:22.982+01:00  INFO 37976 --- [currency-exchange] [           main] c.e.c.config.CurrencyInitializer         : Default currencies initialized successfully. Total currencies: 7
]]></system-out>
  </testcase>
</testsuite>