<?xml version="1.0" encoding="UTF-8"?>
<testsuite xmlns:xsi="http://www.w3.org/2001/XMLSchema-instance" xsi:noNamespaceSchemaLocation="https://maven.apache.org/surefire/maven-surefire-plugin/xsd/surefire-test-report-3.0.xsd" version="3.0" name="com.example.currencyexchange.controller.ExchangeControllerIntegrationTest" time="3.553" tests="5" errors="0" skipped="0" failures="0">
  <properties>
[...]
</properties>
  <testcase name="testConvertCurrency" classname="com.example.currencyexchange.controller.ExchangeControllerIntegrationTest" time="0.039">
    <system-out><![CDATA[2025-10-16T16:12:18.685+02:00  INFO 52772 --- [currency-exchange] [           main] t.c.s.AnnotationConfigContextLoaderUtils : Could not detect default configuration classes for test class [com.example.currencyexchange.controller.ExchangeControllerIntegrationTest]: ExchangeControllerIntegrationTest does not declare any static, non-private, non-final, nested classes annotated with @Configuration.
2025-10-16T16:12:18.692+02:00  INFO 52772 --- [currency-exchange] [           main] .b.t.c.SpringBootTestContextBootstrapper : Found @SpringBootConfiguration com.example.currencyexchange.CurrencyExchangeApplication for test class com.example.currencyexchange.controller.ExchangeControllerIntegrationTest
2025-10-16T16:12:18.699+02:00  INFO 52772 --- [currency-exchange] [           main] o.s.b.d.r.RestartApplicationListener     : Restart disabled due to context in which it is running

  .   ____          _            __ _ _
 /\\ / ___'_ __ _ _(_)_ __  __ _ \ \ \ \
( ( )\___ | '_ | '_| | '_ \/ _` | \ \ \ \
 \\/  ___)| |_)| | | | | || (_| |  ) ) ) )
  '  |____| .__|_| |_|_| |_\__, | / / / /
 =========|_|==============|___/=/_/_/_/
 :: Spring Boot ::                (v3.2.0)

2025-10-16T16:12:18.840+02:00  INFO 52772 --- [currency-exchange] [           main] .e.c.c.ExchangeControllerIntegrationTest : Starting ExchangeControllerIntegrationTest using Java 21.0.8 with PID 52772 (started by h.pichukha in C:\Users\h.pichukha\IdeaProjects\Workshop-1-ready)
2025-10-16T16:12:18.841+02:00 DEBUG 52772 --- [currency-exchange] [           main] .e.c.c.ExchangeControllerIntegrationTest : Running with Spring Boot v3.2.0, Spring v6.1.1
2025-10-16T16:12:18.842+02:00  INFO 52772 --- [currency-exchange] [           main] .e.c.c.ExchangeControllerIntegrationTest : No active profile set, falling back to 1 default profile: "default"
2025-10-16T16:12:19.458+02:00  INFO 52772 --- [currency-exchange] [           main] o.s.s.web.DefaultSecurityFilterChain     : Will secure any request with [org.springframework.security.web.session.DisableEncodeUrlFilter@71c74011, org.springframework.security.web.context.request.async.WebAsyncManagerIntegrationFilter@1d884a19, org.springframework.security.web.context.SecurityContextHolderFilter@779136bf, org.springframework.security.web.header.HeaderWriterFilter@3adb4cc8, org.springframework.web.filter.CorsFilter@62d21afd, org.springframework.security.web.authentication.logout.LogoutFilter@4d24ab25, org.springframework.security.web.authentication.www.BasicAuthenticationFilter@1952ad9d, org.springframework.security.web.savedrequest.RequestCacheAwareFilter@f9ac719, org.springframework.security.web.servletapi.SecurityContextHolderAwareRequestFilter@53a3fc8b, org.springframework.security.web.authentication.AnonymousAuthenticationFilter@6ee07d7f, org.springframework.security.web.access.ExceptionTranslationFilter@1d982fbe, org.springframework.security.web.access.intercept.AuthorizationFilter@58d4fe33]
2025-10-16T16:12:19.517+02:00  INFO 52772 --- [currency-exchange] [           main] o.s.b.t.m.w.SpringBootMockServletContext : Initializing Spring TestDispatcherServlet ''
2025-10-16T16:12:19.518+02:00  INFO 52772 --- [currency-exchange] [           main] o.s.t.web.servlet.TestDispatcherServlet  : Initializing Servlet ''
2025-10-16T16:12:19.518+02:00  INFO 52772 --- [currency-exchange] [           main] o.s.t.web.servlet.TestDispatcherServlet  : Completed initialization in 0 ms
2025-10-16T16:12:19.523+02:00  INFO 52772 --- [currency-exchange] [           main] .e.c.c.ExchangeControllerIntegrationTest : Started ExchangeControllerIntegrationTest in 0.824 seconds (process running for 14.305)
]]></system-out>
  </testcase>
  <testcase name="testConvertWithUnsupportedFromCurrencyShouldReturnNotFound" classname="com.example.currencyexchange.controller.ExchangeControllerIntegrationTest" time="0.014">
    <system-out><![CDATA[2025-10-16T16:12:19.569+02:00  INFO 52772 --- [currency-exchange] [           main] o.s.b.d.r.RestartApplicationListener     : Restart disabled due to context in which it is running

  .   ____          _            __ _ _
 /\\ / ___'_ __ _ _(_)_ __  __ _ \ \ \ \
( ( )\___ | '_ | '_| | '_ \/ _` | \ \ \ \
 \\/  ___)| |_)| | | | | || (_| |  ) ) ) )
  '  |____| .__|_| |_|_| |_\__, | / / / /
 =========|_|==============|___/=/_/_/_/
 :: Spring Boot ::                (v3.2.0)

2025-10-16T16:12:19.636+02:00  INFO 52772 --- [currency-exchange] [           main] .e.c.c.ExchangeControllerIntegrationTest : Starting ExchangeControllerIntegrationTest using Java 21.0.8 with PID 52772 (started by h.pichukha in C:\Users\h.pichukha\IdeaProjects\Workshop-1-ready)
2025-10-16T16:12:19.637+02:00 DEBUG 52772 --- [currency-exchange] [           main] .e.c.c.ExchangeControllerIntegrationTest : Running with Spring Boot v3.2.0, Spring v6.1.1
2025-10-16T16:12:19.637+02:00  INFO 52772 --- [currency-exchange] [           main] .e.c.c.ExchangeControllerIntegrationTest : No active profile set, falling back to 1 default profile: "default"
2025-10-16T16:12:20.210+02:00  INFO 52772 --- [currency-exchange] [           main] o.s.s.web.DefaultSecurityFilterChain     : Will secure any request with [org.springframework.security.web.session.DisableEncodeUrlFilter@73476e2d, org.springframework.security.web.context.request.async.WebAsyncManagerIntegrationFilter@52b77d5e, org.springframework.security.web.context.SecurityContextHolderFilter@1de398c3, org.springframework.security.web.header.HeaderWriterFilter@319ea996, org.springframework.web.filter.CorsFilter@6ab6ec33, org.springframework.security.web.authentication.logout.LogoutFilter@193c810, org.springframework.security.web.authentication.www.BasicAuthenticationFilter@6c0bf8f4, org.springframework.security.web.savedrequest.RequestCacheAwareFilter@dc24732, org.springframework.security.web.servletapi.SecurityContextHolderAwareRequestFilter@44a1ae4e, org.springframework.security.web.authentication.AnonymousAuthenticationFilter@594965c9, org.springframework.security.web.access.ExceptionTranslationFilter@1a3a6216, org.springframework.security.web.access.intercept.AuthorizationFilter@57edfa89]
2025-10-16T16:12:20.287+02:00  INFO 52772 --- [currency-exchange] [           main] o.s.b.t.m.w.SpringBootMockServletContext : Initializing Spring TestDispatcherServlet ''
2025-10-16T16:12:20.287+02:00  INFO 52772 --- [currency-exchange] [           main] o.s.t.web.servlet.TestDispatcherServlet  : Initializing Servlet ''
2025-10-16T16:12:20.287+02:00  INFO 52772 --- [currency-exchange] [           main] o.s.t.web.servlet.TestDispatcherServlet  : Completed initialization in 0 ms
2025-10-16T16:12:20.295+02:00  INFO 52772 --- [currency-exchange] [           main] .e.c.c.ExchangeControllerIntegrationTest : Started ExchangeControllerIntegrationTest in 0.725 seconds (process running for 15.077)
]]></system-out>
  </testcase>
  <testcase name="testConvertZeroAmount" classname="com.example.currencyexchange.controller.ExchangeControllerIntegrationTest" time="0.018">
    <system-out><![CDATA[2025-10-16T16:12:20.318+02:00  INFO 52772 --- [currency-exchange] [           main] o.s.b.d.r.RestartApplicationListener     : Restart disabled due to context in which it is running

  .   ____          _            __ _ _
 /\\ / ___'_ __ _ _(_)_ __  __ _ \ \ \ \
( ( )\___ | '_ | '_| | '_ \/ _` | \ \ \ \
 \\/  ___)| |_)| | | | | || (_| |  ) ) ) )
  '  |____| .__|_| |_|_| |_\__, | / / / /
 =========|_|==============|___/=/_/_/_/
 :: Spring Boot ::                (v3.2.0)

2025-10-16T16:12:20.356+02:00  INFO 52772 --- [currency-exchange] [           main] .e.c.c.ExchangeControllerIntegrationTest : Starting ExchangeControllerIntegrationTest using Java 21.0.8 with PID 52772 (started by h.pichukha in C:\Users\h.pichukha\IdeaProjects\Workshop-1-ready)
2025-10-16T16:12:20.356+02:00 DEBUG 52772 --- [currency-exchange] [           main] .e.c.c.ExchangeControllerIntegrationTest : Running with Spring Boot v3.2.0, Spring v6.1.1
2025-10-16T16:12:20.356+02:00  INFO 52772 --- [currency-exchange] [           main] .e.c.c.ExchangeControllerIntegrationTest : No active profile set, falling back to 1 default profile: "default"
2025-10-16T16:12:21.034+02:00  INFO 52772 --- [currency-exchange] [           main] o.s.s.web.DefaultSecurityFilterChain     : Will secure any request with [org.springframework.security.web.session.DisableEncodeUrlFilter@4bca2a09, org.springframework.security.web.context.request.async.WebAsyncManagerIntegrationFilter@5af8ef61, org.springframework.security.web.context.SecurityContextHolderFilter@4fcb796f, org.springframework.security.web.header.HeaderWriterFilter@14c7ab73, org.springframework.web.filter.CorsFilter@5620470a, org.springframework.security.web.authentication.logout.LogoutFilter@5be8a92c, org.springframework.security.web.authentication.www.BasicAuthenticationFilter@55f54852, org.springframework.security.web.savedrequest.RequestCacheAwareFilter@1483c738, org.springframework.security.web.servletapi.SecurityContextHolderAwareRequestFilter@66c91224, org.springframework.security.web.authentication.AnonymousAuthenticationFilter@29682244, org.springframework.security.web.access.ExceptionTranslationFilter@4d87e7f3, org.springframework.security.web.access.intercept.AuthorizationFilter@7fae6f43]
2025-10-16T16:12:21.111+02:00  INFO 52772 --- [currency-exchange] [           main] o.s.b.t.m.w.SpringBootMockServletContext : Initializing Spring TestDispatcherServlet ''
2025-10-16T16:12:21.111+02:00  INFO 52772 --- [currency-exchange] [           main] o.s.t.web.servlet.TestDispatcherServlet  : Initializing Servlet ''
2025-10-16T16:12:21.112+02:00  INFO 52772 --- [currency-exchange] [           main] o.s.t.web.servlet.TestDispatcherServlet  : Completed initialization in 1 ms
2025-10-16T16:12:21.119+02:00  INFO 52772 --- [currency-exchange] [           main] .e.c.c.ExchangeControllerIntegrationTest : Started ExchangeControllerIntegrationTest in 0.802 seconds (process running for 15.902)
]]></system-out>
  </testcase>
  <testcase name="testConvertWithNegativeAmountShouldReturnBadRequest" classname="com.example.currencyexchange.controller.ExchangeControllerIntegrationTest" time="0.009">
    <system-out><![CDATA[2025-10-16T16:12:21.141+02:00  INFO 52772 --- [currency-exchange] [           main] o.s.b.d.r.RestartApplicationListener     : Restart disabled due to context in which it is running

  .   ____          _            __ _ _
 /\\ / ___'_ __ _ _(_)_ __  __ _ \ \ \ \
( ( )\___ | '_ | '_| | '_ \/ _` | \ \ \ \
 \\/  ___)| |_)| | | | | || (_| |  ) ) ) )
  '  |____| .__|_| |_|_| |_\__, | / / / /
 =========|_|==============|___/=/_/_/_/
 :: Spring Boot ::                (v3.2.0)

2025-10-16T16:12:21.167+02:00  INFO 52772 --- [currency-exchange] [           main] .e.c.c.ExchangeControllerIntegrationTest : Starting ExchangeControllerIntegrationTest using Java 21.0.8 with PID 52772 (started by h.pichukha in C:\Users\h.pichukha\IdeaProjects\Workshop-1-ready)
2025-10-16T16:12:21.168+02:00 DEBUG 52772 --- [currency-exchange] [           main] .e.c.c.ExchangeControllerIntegrationTest : Running with Spring Boot v3.2.0, Spring v6.1.1
2025-10-16T16:12:21.168+02:00  INFO 52772 --- [currency-exchange] [           main] .e.c.c.ExchangeControllerIntegrationTest : No active profile set, falling back to 1 default profile: "default"
2025-10-16T16:12:21.627+02:00  INFO 52772 --- [currency-exchange] [           main] o.s.s.web.DefaultSecurityFilterChain     : Will secure any request with [org.springframework.security.web.session.DisableEncodeUrlFilter@552b7481, org.springframework.security.web.context.request.async.WebAsyncManagerIntegrationFilter@475b796d, org.springframework.security.web.context.SecurityContextHolderFilter@65130cf2, org.springframework.security.web.header.HeaderWriterFilter@63661fc7, org.springframework.web.filter.CorsFilter@24244ea, org.springframework.security.web.authentication.logout.LogoutFilter@7ae97a58, org.springframework.security.web.authentication.www.BasicAuthenticationFilter@6421e9e7, org.springframework.security.web.savedrequest.RequestCacheAwareFilter@19412eef, org.springframework.security.web.servletapi.SecurityContextHolderAwareRequestFilter@542b27af, org.springframework.security.web.authentication.AnonymousAuthenticationFilter@69c7fb94, org.springframework.security.web.access.ExceptionTranslationFilter@50915d5, org.springframework.security.web.access.intercept.AuthorizationFilter@67544105]
2025-10-16T16:12:21.673+02:00  INFO 52772 --- [currency-exchange] [           main] o.s.b.t.m.w.SpringBootMockServletContext : Initializing Spring TestDispatcherServlet ''
2025-10-16T16:12:21.673+02:00  INFO 52772 --- [currency-exchange] [           main] o.s.t.web.servlet.TestDispatcherServlet  : Initializing Servlet ''
2025-10-16T16:12:21.674+02:00  INFO 52772 --- [currency-exchange] [           main] o.s.t.web.servlet.TestDispatcherServlet  : Completed initialization in 1 ms
2025-10-16T16:12:21.678+02:00  INFO 52772 --- [currency-exchange] [           main] .e.c.c.ExchangeControllerIntegrationTest : Started ExchangeControllerIntegrationTest in 0.536 seconds (process running for 16.46)
]]></system-out>
  </testcase>
  <testcase name="testConvertWithUnsupportedToCurrencyShouldReturnNotFound" classname="com.example.currencyexchange.controller.ExchangeControllerIntegrationTest" time="0.009">
    <system-out><![CDATA[2025-10-16T16:12:21.695+02:00  INFO 52772 --- [currency-exchange] [           main] o.s.b.d.r.RestartApplicationListener     : Restart disabled due to context in which it is running

  .   ____          _            __ _ _
 /\\ / ___'_ __ _ _(_)_ __  __ _ \ \ \ \
( ( )\___ | '_ | '_| | '_ \/ _` | \ \ \ \
 \\/  ___)| |_)| | | | | || (_| |  ) ) ) )
  '  |____| .__|_| |_|_| |_\__, | / / / /
 =========|_|==============|___/=/_/_/_/
 :: Spring Boot ::                (v3.2.0)

2025-10-16T16:12:21.717+02:00  INFO 52772 --- [currency-exchange] [           main] .e.c.c.ExchangeControllerIntegrationTest : Starting ExchangeControllerIntegrationTest using Java 21.0.8 with PID 52772 (started by h.pichukha in C:\Users\h.pichukha\IdeaProjects\Workshop-1-ready)
2025-10-16T16:12:21.717+02:00 DEBUG 52772 --- [currency-exchange] [           main] .e.c.c.ExchangeControllerIntegrationTest : Running with Spring Boot v3.2.0, Spring v6.1.1
2025-10-16T16:12:21.717+02:00  INFO 52772 --- [currency-exchange] [           main] .e.c.c.ExchangeControllerIntegrationTest : No active profile set, falling back to 1 default profile: "default"
2025-10-16T16:12:22.176+02:00  INFO 52772 --- [currency-exchange] [           main] o.s.s.web.DefaultSecurityFilterChain     : Will secure any request with [org.springframework.security.web.session.DisableEncodeUrlFilter@63b334fd, org.springframework.security.web.context.request.async.WebAsyncManagerIntegrationFilter@753248f8, org.springframework.security.web.context.SecurityContextHolderFilter@48d84d75, org.springframework.security.web.header.HeaderWriterFilter@7bb50747, org.springframework.web.filter.CorsFilter@71a509c, org.springframework.security.web.authentication.logout.LogoutFilter@4ebe6c24, org.springframework.security.web.authentication.www.BasicAuthenticationFilter@5ed1bc4f, org.springframework.security.web.savedrequest.RequestCacheAwareFilter@461c0572, org.springframework.security.web.servletapi.SecurityContextHolderAwareRequestFilter@17db90a7, org.springframework.security.web.authentication.AnonymousAuthenticationFilter@547aa7f4, org.springframework.security.web.access.ExceptionTranslationFilter@268ee31d, org.springframework.security.web.access.intercept.AuthorizationFilter@23ba2c1e]
2025-10-16T16:12:22.217+02:00  INFO 52772 --- [currency-exchange] [           main] o.s.b.t.m.w.SpringBootMockServletContext : Initializing Spring TestDispatcherServlet ''
2025-10-16T16:12:22.218+02:00  INFO 52772 --- [currency-exchange] [           main] o.s.t.web.servlet.TestDispatcherServlet  : Initializing Servlet ''
2025-10-16T16:12:22.218+02:00  INFO 52772 --- [currency-exchange] [           main] o.s.t.web.servlet.TestDispatcherServlet  : Completed initialization in 0 ms
2025-10-16T16:12:22.224+02:00  INFO 52772 --- [currency-exchange] [           main] .e.c.c.ExchangeControllerIntegrationTest : Started ExchangeControllerIntegrationTest in 0.529 seconds (process running for 17.006)
]]></system-out>
  </testcase>
</testsuite>