<?xml version="1.0" encoding="UTF-8"?>
<testsuite xmlns:xsi="http://www.w3.org/2001/XMLSchema-instance" xsi:noNamespaceSchemaLocation="https://maven.apache.org/surefire/maven-surefire-plugin/xsd/surefire-test-report-3.0.xsd" version="3.0" name="com.example.currencyexchange.controller.CurrencyControllerIntegrationTest" time="12.607" tests="6" errors="0" skipped="0" failures="0">
  <properties>
[...]
</properties>
  <testcase name="testAddEmptyCurrencyShouldReturnBadRequest" classname="com.example.currencyexchange.controller.CurrencyControllerIntegrationTest" time="3.051">
    <system-out><![CDATA[16:12:06.427 [main] INFO org.springframework.test.context.support.AnnotationConfigContextLoaderUtils -- Could not detect default configuration classes for test class [com.example.currencyexchange.controller.CurrencyControllerIntegrationTest]: CurrencyControllerIntegrationTest does not declare any static, non-private, non-final, nested classes annotated with @Configuration.
16:12:06.677 [main] INFO org.springframework.boot.test.context.SpringBootTestContextBootstrapper -- Found @SpringBootConfiguration com.example.currencyexchange.CurrencyExchangeApplication for test class com.example.currencyexchange.controller.CurrencyControllerIntegrationTest
16:12:06.944 [main] INFO org.springframework.boot.devtools.restart.RestartApplicationListener -- Restart disabled due to context in which it is running

  .   ____          _            __ _ _
 /\\ / ___'_ __ _ _(_)_ __  __ _ \ \ \ \
( ( )\___ | '_ | '_| | '_ \/ _` | \ \ \ \
 \\/  ___)| |_)| | | | | || (_| |  ) ) ) )
  '  |____| .__|_| |_|_| |_\__, | / / / /
 =========|_|==============|___/=/_/_/_/
 :: Spring Boot ::                (v3.2.0)

2025-10-16T16:12:07.363+02:00  INFO 52772 --- [currency-exchange] [           main] .e.c.c.CurrencyControllerIntegrationTest : Starting CurrencyControllerIntegrationTest using Java 21.0.8 with PID 52772 (started by h.pichukha in C:\Users\h.pichukha\IdeaProjects\Workshop-1-ready)
2025-10-16T16:12:07.363+02:00 DEBUG 52772 --- [currency-exchange] [           main] .e.c.c.CurrencyControllerIntegrationTest : Running with Spring Boot v3.2.0, Spring v6.1.1
2025-10-16T16:12:07.364+02:00  INFO 52772 --- [currency-exchange] [           main] .e.c.c.CurrencyControllerIntegrationTest : No active profile set, falling back to 1 default profile: "default"
2025-10-16T16:12:09.888+02:00  INFO 52772 --- [currency-exchange] [           main] o.s.s.web.DefaultSecurityFilterChain     : Will secure any request with [org.springframework.security.web.session.DisableEncodeUrlFilter@27e2287c, org.springframework.security.web.context.request.async.WebAsyncManagerIntegrationFilter@16132f21, org.springframework.security.web.context.SecurityContextHolderFilter@2e43c38d, org.springframework.security.web.header.HeaderWriterFilter@9f86dc3, org.springframework.web.filter.CorsFilter@2cd388f5, org.springframework.security.web.authentication.logout.LogoutFilter@1cf336fd, org.springframework.security.web.authentication.www.BasicAuthenticationFilter@6f5bd362, org.springframework.security.web.savedrequest.RequestCacheAwareFilter@2e62ead7, org.springframework.security.web.servletapi.SecurityContextHolderAwareRequestFilter@3b98b809, org.springframework.security.web.authentication.AnonymousAuthenticationFilter@4640195a, org.springframework.security.web.access.ExceptionTranslationFilter@2fbe26da, org.springframework.security.web.access.intercept.AuthorizationFilter@67d32a54]
2025-10-16T16:12:10.392+02:00  INFO 52772 --- [currency-exchange] [           main] o.s.b.t.m.w.SpringBootMockServletContext : Initializing Spring TestDispatcherServlet ''
2025-10-16T16:12:10.394+02:00  INFO 52772 --- [currency-exchange] [           main] o.s.t.web.servlet.TestDispatcherServlet  : Initializing Servlet ''
2025-10-16T16:12:10.396+02:00  INFO 52772 --- [currency-exchange] [           main] o.s.t.web.servlet.TestDispatcherServlet  : Completed initialization in 2 ms
2025-10-16T16:12:10.448+02:00  INFO 52772 --- [currency-exchange] [           main] .e.c.c.CurrencyControllerIntegrationTest : Started CurrencyControllerIntegrationTest in 3.524 seconds (process running for 5.23)
]]></system-out>
    <system-err><![CDATA[WARNING: A Java agent has been loaded dynamically (C:\Users\h.pichukha\.m2\repository\net\bytebuddy\byte-buddy-agent\1.14.10\byte-buddy-agent-1.14.10.jar)
WARNING: If a serviceability tool is in use, please run with -XX:+EnableDynamicAgentLoading to hide this warning
WARNING: If a serviceability tool is not in use, please run with -Djdk.instrument.traceUsage for more information
WARNING: Dynamic loading of agents will be disallowed by default in a future release
]]></system-err>
  </testcase>
  <testcase name="testGetCurrenciesAfterAddingCurrencies" classname="com.example.currencyexchange.controller.CurrencyControllerIntegrationTest" time="0.063">
    <system-out><![CDATA[2025-10-16T16:12:13.561+02:00  INFO 52772 --- [currency-exchange] [           main] o.s.b.d.r.RestartApplicationListener     : Restart disabled due to context in which it is running

  .   ____          _            __ _ _
 /\\ / ___'_ __ _ _(_)_ __  __ _ \ \ \ \
( ( )\___ | '_ | '_| | '_ \/ _` | \ \ \ \
 \\/  ___)| |_)| | | | | || (_| |  ) ) ) )
  '  |____| .__|_| |_|_| |_\__, | / / / /
 =========|_|==============|___/=/_/_/_/
 :: Spring Boot ::                (v3.2.0)

2025-10-16T16:12:13.644+02:00  INFO 52772 --- [currency-exchange] [           main] .e.c.c.CurrencyControllerIntegrationTest : Starting CurrencyControllerIntegrationTest using Java 21.0.8 with PID 52772 (started by h.pichukha in C:\Users\h.pichukha\IdeaProjects\Workshop-1-ready)
2025-10-16T16:12:13.644+02:00 DEBUG 52772 --- [currency-exchange] [           main] .e.c.c.CurrencyControllerIntegrationTest : Running with Spring Boot v3.2.0, Spring v6.1.1
2025-10-16T16:12:13.645+02:00  INFO 52772 --- [currency-exchange] [           main] .e.c.c.CurrencyControllerIntegrationTest : No active profile set, falling back to 1 default profile: "default"
2025-10-16T16:12:14.764+02:00  INFO 52772 --- [currency-exchange] [           main] o.s.s.web.DefaultSecurityFilterChain     : Will secure any request with [org.springframework.security.web.session.DisableEncodeUrlFilter@f2becb2, org.springframework.security.web.context.request.async.WebAsyncManagerIntegrationFilter@7482309c, org.springframework.security.web.context.SecurityContextHolderFilter@c1a74d, org.springframework.security.web.header.HeaderWriterFilter@47eae91d, org.springframework.web.filter.CorsFilter@f42336c, org.springframework.security.web.authentication.logout.LogoutFilter@413eaf5d, org.springframework.security.web.authentication.www.BasicAuthenticationFilter@3bdbf8d3, org.springframework.security.web.savedrequest.RequestCacheAwareFilter@472719df, org.springframework.security.web.servletapi.SecurityContextHolderAwareRequestFilter@5cfa2ac5, org.springframework.security.web.authentication.AnonymousAuthenticationFilter@6b3b4f37, org.springframework.security.web.access.ExceptionTranslationFilter@686e7513, org.springframework.security.web.access.intercept.AuthorizationFilter@33891646]
2025-10-16T16:12:14.959+02:00  INFO 52772 --- [currency-exchange] [           main] o.s.b.t.m.w.SpringBootMockServletContext : Initializing Spring TestDispatcherServlet ''
2025-10-16T16:12:14.959+02:00  INFO 52772 --- [currency-exchange] [           main] o.s.t.web.servlet.TestDispatcherServlet  : Initializing Servlet ''
2025-10-16T16:12:14.960+02:00  INFO 52772 --- [currency-exchange] [           main] o.s.t.web.servlet.TestDispatcherServlet  : Completed initialization in 1 ms
2025-10-16T16:12:14.976+02:00  INFO 52772 --- [currency-exchange] [           main] .e.c.c.CurrencyControllerIntegrationTest : Started CurrencyControllerIntegrationTest in 1.415 seconds (process running for 9.759)
]]></system-out>
  </testcase>
  <testcase name="testAddCurrencyAsUserShouldReturnForbidden" classname="com.example.currencyexchange.controller.CurrencyControllerIntegrationTest" time="0.027">
    <system-out><![CDATA[2025-10-16T16:12:15.055+02:00  INFO 52772 --- [currency-exchange] [           main] o.s.b.d.r.RestartApplicationListener     : Restart disabled due to context in which it is running

  .   ____          _            __ _ _
 /\\ / ___'_ __ _ _(_)_ __  __ _ \ \ \ \
( ( )\___ | '_ | '_| | '_ \/ _` | \ \ \ \
 \\/  ___)| |_)| | | | | || (_| |  ) ) ) )
  '  |____| .__|_| |_|_| |_\__, | / / / /
 =========|_|==============|___/=/_/_/_/
 :: Spring Boot ::                (v3.2.0)

2025-10-16T16:12:15.109+02:00  INFO 52772 --- [currency-exchange] [           main] .e.c.c.CurrencyControllerIntegrationTest : Starting CurrencyControllerIntegrationTest using Java 21.0.8 with PID 52772 (started by h.pichukha in C:\Users\h.pichukha\IdeaProjects\Workshop-1-ready)
2025-10-16T16:12:15.110+02:00 DEBUG 52772 --- [currency-exchange] [           main] .e.c.c.CurrencyControllerIntegrationTest : Running with Spring Boot v3.2.0, Spring v6.1.1
2025-10-16T16:12:15.111+02:00  INFO 52772 --- [currency-exchange] [           main] .e.c.c.CurrencyControllerIntegrationTest : No active profile set, falling back to 1 default profile: "default"
2025-10-16T16:12:15.942+02:00  INFO 52772 --- [currency-exchange] [           main] o.s.s.web.DefaultSecurityFilterChain     : Will secure any request with [org.springframework.security.web.session.DisableEncodeUrlFilter@1a77eb6, org.springframework.security.web.context.request.async.WebAsyncManagerIntegrationFilter@52d9f36b, org.springframework.security.web.context.SecurityContextHolderFilter@705d914f, org.springframework.security.web.header.HeaderWriterFilter@3b576ee3, org.springframework.web.filter.CorsFilter@5f9ebd5a, org.springframework.security.web.authentication.logout.LogoutFilter@795eddda, org.springframework.security.web.authentication.www.BasicAuthenticationFilter@e18d2a2, org.springframework.security.web.savedrequest.RequestCacheAwareFilter@6212ea52, org.springframework.security.web.servletapi.SecurityContextHolderAwareRequestFilter@65b5b5ed, org.springframework.security.web.authentication.AnonymousAuthenticationFilter@175bf9c9, org.springframework.security.web.access.ExceptionTranslationFilter@4738131e, org.springframework.security.web.access.intercept.AuthorizationFilter@44392e64]
2025-10-16T16:12:16.083+02:00  INFO 52772 --- [currency-exchange] [           main] o.s.b.t.m.w.SpringBootMockServletContext : Initializing Spring TestDispatcherServlet ''
2025-10-16T16:12:16.083+02:00  INFO 52772 --- [currency-exchange] [           main] o.s.t.web.servlet.TestDispatcherServlet  : Initializing Servlet ''
2025-10-16T16:12:16.084+02:00  INFO 52772 --- [currency-exchange] [           main] o.s.t.web.servlet.TestDispatcherServlet  : Completed initialization in 1 ms
2025-10-16T16:12:16.094+02:00  INFO 52772 --- [currency-exchange] [           main] .e.c.c.CurrencyControllerIntegrationTest : Started CurrencyControllerIntegrationTest in 1.039 seconds (process running for 10.876)
]]></system-out>
  </testcase>
  <testcase name="testGetCurrenciesInitiallyEmpty" classname="com.example.currencyexchange.controller.CurrencyControllerIntegrationTest" time="0.033">
    <system-out><![CDATA[2025-10-16T16:12:16.129+02:00  INFO 52772 --- [currency-exchange] [           main] o.s.b.d.r.RestartApplicationListener     : Restart disabled due to context in which it is running

  .   ____          _            __ _ _
 /\\ / ___'_ __ _ _(_)_ __  __ _ \ \ \ \
( ( )\___ | '_ | '_| | '_ \/ _` | \ \ \ \
 \\/  ___)| |_)| | | | | || (_| |  ) ) ) )
  '  |____| .__|_| |_|_| |_\__, | / / / /
 =========|_|==============|___/=/_/_/_/
 :: Spring Boot ::                (v3.2.0)

2025-10-16T16:12:16.189+02:00  INFO 52772 --- [currency-exchange] [           main] .e.c.c.CurrencyControllerIntegrationTest : Starting CurrencyControllerIntegrationTest using Java 21.0.8 with PID 52772 (started by h.pichukha in C:\Users\h.pichukha\IdeaProjects\Workshop-1-ready)
2025-10-16T16:12:16.190+02:00 DEBUG 52772 --- [currency-exchange] [           main] .e.c.c.CurrencyControllerIntegrationTest : Running with Spring Boot v3.2.0, Spring v6.1.1
2025-10-16T16:12:16.190+02:00  INFO 52772 --- [currency-exchange] [           main] .e.c.c.CurrencyControllerIntegrationTest : No active profile set, falling back to 1 default profile: "default"
2025-10-16T16:12:16.836+02:00  INFO 52772 --- [currency-exchange] [           main] o.s.s.web.DefaultSecurityFilterChain     : Will secure any request with [org.springframework.security.web.session.DisableEncodeUrlFilter@495bc9e7, org.springframework.security.web.context.request.async.WebAsyncManagerIntegrationFilter@51da7b08, org.springframework.security.web.context.SecurityContextHolderFilter@36349e29, org.springframework.security.web.header.HeaderWriterFilter@7057dbda, org.springframework.web.filter.CorsFilter@580154b3, org.springframework.security.web.authentication.logout.LogoutFilter@6fe243a, org.springframework.security.web.authentication.www.BasicAuthenticationFilter@3e73f5e7, org.springframework.security.web.savedrequest.RequestCacheAwareFilter@183a508b, org.springframework.security.web.servletapi.SecurityContextHolderAwareRequestFilter@5aeebccc, org.springframework.security.web.authentication.AnonymousAuthenticationFilter@79fc4e99, org.springframework.security.web.access.ExceptionTranslationFilter@3f1fb139, org.springframework.security.web.access.intercept.AuthorizationFilter@63ad5fe7]
2025-10-16T16:12:16.917+02:00  INFO 52772 --- [currency-exchange] [           main] o.s.b.t.m.w.SpringBootMockServletContext : Initializing Spring TestDispatcherServlet ''
2025-10-16T16:12:16.918+02:00  INFO 52772 --- [currency-exchange] [           main] o.s.t.web.servlet.TestDispatcherServlet  : Initializing Servlet ''
2025-10-16T16:12:16.918+02:00  INFO 52772 --- [currency-exchange] [           main] o.s.t.web.servlet.TestDispatcherServlet  : Completed initialization in 0 ms
2025-10-16T16:12:16.927+02:00  INFO 52772 --- [currency-exchange] [           main] .e.c.c.CurrencyControllerIntegrationTest : Started CurrencyControllerIntegrationTest in 0.798 seconds (process running for 11.709)
]]></system-out>
  </testcase>
  <testcase name="testAddCurrencyAsAdmin" classname="com.example.currencyexchange.controller.CurrencyControllerIntegrationTest" time="0.016">
    <system-out><![CDATA[2025-10-16T16:12:16.969+02:00  INFO 52772 --- [currency-exchange] [           main] o.s.b.d.r.RestartApplicationListener     : Restart disabled due to context in which it is running

  .   ____          _            __ _ _
 /\\ / ___'_ __ _ _(_)_ __  __ _ \ \ \ \
( ( )\___ | '_ | '_| | '_ \/ _` | \ \ \ \
 \\/  ___)| |_)| | | | | || (_| |  ) ) ) )
  '  |____| .__|_| |_|_| |_\__, | / / / /
 =========|_|==============|___/=/_/_/_/
 :: Spring Boot ::                (v3.2.0)

2025-10-16T16:12:17.026+02:00  INFO 52772 --- [currency-exchange] [           main] .e.c.c.CurrencyControllerIntegrationTest : Starting CurrencyControllerIntegrationTest using Java 21.0.8 with PID 52772 (started by h.pichukha in C:\Users\h.pichukha\IdeaProjects\Workshop-1-ready)
2025-10-16T16:12:17.026+02:00 DEBUG 52772 --- [currency-exchange] [           main] .e.c.c.CurrencyControllerIntegrationTest : Running with Spring Boot v3.2.0, Spring v6.1.1
2025-10-16T16:12:17.026+02:00  INFO 52772 --- [currency-exchange] [           main] .e.c.c.CurrencyControllerIntegrationTest : No active profile set, falling back to 1 default profile: "default"
2025-10-16T16:12:17.672+02:00  INFO 52772 --- [currency-exchange] [           main] o.s.s.web.DefaultSecurityFilterChain     : Will secure any request with [org.springframework.security.web.session.DisableEncodeUrlFilter@9f52eb7, org.springframework.security.web.context.request.async.WebAsyncManagerIntegrationFilter@46c2189e, org.springframework.security.web.context.SecurityContextHolderFilter@6be1f37f, org.springframework.security.web.header.HeaderWriterFilter@44e3f3e5, org.springframework.web.filter.CorsFilter@3462e99a, org.springframework.security.web.authentication.logout.LogoutFilter@5e5d40ec, org.springframework.security.web.authentication.www.BasicAuthenticationFilter@3d1b43d8, org.springframework.security.web.savedrequest.RequestCacheAwareFilter@69ed96e1, org.springframework.security.web.servletapi.SecurityContextHolderAwareRequestFilter@61648dd2, org.springframework.security.web.authentication.AnonymousAuthenticationFilter@5300694d, org.springframework.security.web.access.ExceptionTranslationFilter@627d5f99, org.springframework.security.web.access.intercept.AuthorizationFilter@1e4d93f7]
2025-10-16T16:12:17.739+02:00  INFO 52772 --- [currency-exchange] [           main] o.s.b.t.m.w.SpringBootMockServletContext : Initializing Spring TestDispatcherServlet ''
2025-10-16T16:12:17.739+02:00  INFO 52772 --- [currency-exchange] [           main] o.s.t.web.servlet.TestDispatcherServlet  : Initializing Servlet ''
2025-10-16T16:12:17.740+02:00  INFO 52772 --- [currency-exchange] [           main] o.s.t.web.servlet.TestDispatcherServlet  : Completed initialization in 1 ms
2025-10-16T16:12:17.749+02:00  INFO 52772 --- [currency-exchange] [           main] .e.c.c.CurrencyControllerIntegrationTest : Started CurrencyControllerIntegrationTest in 0.78 seconds (process running for 12.531)
]]></system-out>
  </testcase>
  <testcase name="testAddCurrencyWithoutAuthShouldReturnForbidden" classname="com.example.currencyexchange.controller.CurrencyControllerIntegrationTest" time="0.02">
    <system-out><![CDATA[2025-10-16T16:12:17.769+02:00  INFO 52772 --- [currency-exchange] [           main] o.s.b.d.r.RestartApplicationListener     : Restart disabled due to context in which it is running

  .   ____          _            __ _ _
 /\\ / ___'_ __ _ _(_)_ __  __ _ \ \ \ \
( ( )\___ | '_ | '_| | '_ \/ _` | \ \ \ \
 \\/  ___)| |_)| | | | | || (_| |  ) ) ) )
  '  |____| .__|_| |_|_| |_\__, | / / / /
 =========|_|==============|___/=/_/_/_/
 :: Spring Boot ::                (v3.2.0)

2025-10-16T16:12:17.802+02:00  INFO 52772 --- [currency-exchange] [           main] .e.c.c.CurrencyControllerIntegrationTest : Starting CurrencyControllerIntegrationTest using Java 21.0.8 with PID 52772 (started by h.pichukha in C:\Users\h.pichukha\IdeaProjects\Workshop-1-ready)
2025-10-16T16:12:17.803+02:00 DEBUG 52772 --- [currency-exchange] [           main] .e.c.c.CurrencyControllerIntegrationTest : Running with Spring Boot v3.2.0, Spring v6.1.1
2025-10-16T16:12:17.803+02:00  INFO 52772 --- [currency-exchange] [           main] .e.c.c.CurrencyControllerIntegrationTest : No active profile set, falling back to 1 default profile: "default"
2025-10-16T16:12:18.541+02:00  INFO 52772 --- [currency-exchange] [           main] o.s.s.web.DefaultSecurityFilterChain     : Will secure any request with [org.springframework.security.web.session.DisableEncodeUrlFilter@748aa7dc, org.springframework.security.web.context.request.async.WebAsyncManagerIntegrationFilter@31e84f10, org.springframework.security.web.context.SecurityContextHolderFilter@7e017f47, org.springframework.security.web.header.HeaderWriterFilter@370a935f, org.springframework.web.filter.CorsFilter@c4455b4, org.springframework.security.web.authentication.logout.LogoutFilter@68cb8e52, org.springframework.security.web.authentication.www.BasicAuthenticationFilter@40071890, org.springframework.security.web.savedrequest.RequestCacheAwareFilter@6166aac5, org.springframework.security.web.servletapi.SecurityContextHolderAwareRequestFilter@7e36d508, org.springframework.security.web.authentication.AnonymousAuthenticationFilter@747f0f34, org.springframework.security.web.access.ExceptionTranslationFilter@556944cd, org.springframework.security.web.access.intercept.AuthorizationFilter@74f92d14]
2025-10-16T16:12:18.638+02:00  INFO 52772 --- [currency-exchange] [           main] o.s.b.t.m.w.SpringBootMockServletContext : Initializing Spring TestDispatcherServlet ''
2025-10-16T16:12:18.638+02:00  INFO 52772 --- [currency-exchange] [           main] o.s.t.web.servlet.TestDispatcherServlet  : Initializing Servlet ''
2025-10-16T16:12:18.640+02:00  INFO 52772 --- [currency-exchange] [           main] o.s.t.web.servlet.TestDispatcherServlet  : Completed initialization in 2 ms
2025-10-16T16:12:18.647+02:00  INFO 52772 --- [currency-exchange] [           main] .e.c.c.CurrencyControllerIntegrationTest : Started CurrencyControllerIntegrationTest in 0.878 seconds (process running for 13.429)
]]></system-out>
  </testcase>
</testsuite>